2025-12-09 17:08:26.244 [info] [main] Log level: Info
2025-12-09 17:08:26.244 [info] [main] Validating found git in: "git"
2025-12-09 17:08:26.244 [info] [main] Using git "2.52.0" from "git"
2025-12-09 17:08:26.244 [info] [Model][doInitialScan] Initial repository scan started
2025-12-09 17:08:26.244 [info] > git rev-parse --show-toplevel [9ms]
2025-12-09 17:08:26.244 [info] fatal: not a git repository (or any parent up to mount point /)
Stopping at filesystem boundary (GIT_DISCOVERY_ACROSS_FILESYSTEM not set).
2025-12-09 17:08:26.244 [info] > git rev-parse --show-toplevel [3ms]
2025-12-09 17:08:26.244 [info] fatal: not a git repository (or any parent up to mount point /)
Stopping at filesystem boundary (GIT_DISCOVERY_ACROSS_FILESYSTEM not set).
2025-12-09 17:08:26.244 [info] > git rev-parse --show-toplevel [1ms]
2025-12-09 17:08:26.244 [info] fatal: not a git repository (or any parent up to mount point /)
Stopping at filesystem boundary (GIT_DISCOVERY_ACROSS_FILESYSTEM not set).
2025-12-09 17:08:26.244 [info] > git rev-parse --show-toplevel [1ms]
2025-12-09 17:08:26.244 [info] fatal: not a git repository (or any parent up to mount point /)
Stopping at filesystem boundary (GIT_DISCOVERY_ACROSS_FILESYSTEM not set).
2025-12-09 17:08:26.244 [info] > git rev-parse --show-toplevel [1ms]
2025-12-09 17:08:26.244 [info] fatal: not a git repository (or any parent up to mount point /)
Stopping at filesystem boundary (GIT_DISCOVERY_ACROSS_FILESYSTEM not set).
2025-12-09 17:08:26.244 [info] > git rev-parse --show-toplevel [2ms]
2025-12-09 17:08:26.244 [info] fatal: not a git repository (or any parent up to mount point /)
Stopping at filesystem boundary (GIT_DISCOVERY_ACROSS_FILESYSTEM not set).
2025-12-09 17:08:26.244 [info] > git rev-parse --show-toplevel [1ms]
2025-12-09 17:08:26.244 [info] fatal: not a git repository (or any parent up to mount point /)
Stopping at filesystem boundary (GIT_DISCOVERY_ACROSS_FILESYSTEM not set).
2025-12-09 17:08:26.244 [info] > git rev-parse --show-toplevel [1ms]
2025-12-09 17:08:26.244 [info] fatal: not a git repository (or any parent up to mount point /)
Stopping at filesystem boundary (GIT_DISCOVERY_ACROSS_FILESYSTEM not set).
2025-12-09 17:08:26.244 [info] > git rev-parse --show-toplevel [1ms]
2025-12-09 17:08:26.244 [info] fatal: not a git repository (or any parent up to mount point /)
Stopping at filesystem boundary (GIT_DISCOVERY_ACROSS_FILESYSTEM not set).
2025-12-09 17:08:26.244 [info] > git rev-parse --show-toplevel [1ms]
2025-12-09 17:08:26.244 [info] fatal: not a git repository (or any parent up to mount point /)
Stopping at filesystem boundary (GIT_DISCOVERY_ACROSS_FILESYSTEM not set).
2025-12-09 17:08:26.244 [info] > git rev-parse --show-toplevel [0ms]
2025-12-09 17:08:26.244 [info] fatal: not a git repository (or any parent up to mount point /)
Stopping at filesystem boundary (GIT_DISCOVERY_ACROSS_FILESYSTEM not set).
2025-12-09 17:08:26.244 [info] > git rev-parse --show-toplevel [1ms]
2025-12-09 17:08:26.244 [info] fatal: not a git repository (or any parent up to mount point /)
Stopping at filesystem boundary (GIT_DISCOVERY_ACROSS_FILESYSTEM not set).
2025-12-09 17:08:26.244 [info] > git rev-parse --show-toplevel [1ms]
2025-12-09 17:08:26.244 [info] fatal: not a git repository (or any parent up to mount point /)
Stopping at filesystem boundary (GIT_DISCOVERY_ACROSS_FILESYSTEM not set).
2025-12-09 17:08:26.244 [info] > git rev-parse --show-toplevel [1ms]
2025-12-09 17:08:26.244 [info] fatal: not a git repository (or any parent up to mount point /)
Stopping at filesystem boundary (GIT_DISCOVERY_ACROSS_FILESYSTEM not set).
2025-12-09 17:08:26.245 [info] > git rev-parse --show-toplevel [7ms]
2025-12-09 17:08:26.245 [info] fatal: not a git repository (or any parent up to mount point /)
Stopping at filesystem boundary (GIT_DISCOVERY_ACROSS_FILESYSTEM not set).
2025-12-09 17:08:26.272 [info] > git rev-parse --show-toplevel [24ms]
2025-12-09 17:08:26.272 [info] fatal: not a git repository (or any parent up to mount point /)
Stopping at filesystem boundary (GIT_DISCOVERY_ACROSS_FILESYSTEM not set).
2025-12-09 17:08:26.281 [info] > git rev-parse --show-toplevel [2ms]
2025-12-09 17:08:26.282 [info] fatal: not a git repository (or any parent up to mount point /)
Stopping at filesystem boundary (GIT_DISCOVERY_ACROSS_FILESYSTEM not set).
2025-12-09 17:08:26.286 [info] > git rev-parse --show-toplevel [1ms]
2025-12-09 17:08:26.286 [info] fatal: not a git repository (or any parent up to mount point /)
Stopping at filesystem boundary (GIT_DISCOVERY_ACROSS_FILESYSTEM not set).
2025-12-09 17:08:26.290 [info] > git rev-parse --show-toplevel [1ms]
2025-12-09 17:08:26.290 [info] fatal: not a git repository (or any parent up to mount point /)
Stopping at filesystem boundary (GIT_DISCOVERY_ACROSS_FILESYSTEM not set).
2025-12-09 17:08:26.294 [info] > git rev-parse --show-toplevel [1ms]
2025-12-09 17:08:26.294 [info] fatal: not a git repository (or any parent up to mount point /)
Stopping at filesystem boundary (GIT_DISCOVERY_ACROSS_FILESYSTEM not set).
2025-12-09 17:08:26.298 [info] > git rev-parse --show-toplevel [1ms]
2025-12-09 17:08:26.298 [info] fatal: not a git repository (or any parent up to mount point /)
Stopping at filesystem boundary (GIT_DISCOVERY_ACROSS_FILESYSTEM not set).
2025-12-09 17:08:26.298 [info] [Model][doInitialScan] Initial repository scan completed - repositories (0), closed repositories (0), parent repositories (0), unsafe repositories (0)
2025-12-09 17:08:27.320 [info] > git rev-parse --show-toplevel [4ms]
2025-12-09 17:08:27.320 [info] fatal: not a git repository (or any parent up to mount point /)
Stopping at filesystem boundary (GIT_DISCOVERY_ACROSS_FILESYSTEM not set).
