2025-12-09 15:54:01.807 [info] [main] Log level: Info
2025-12-09 15:54:01.807 [info] [main] Validating found git in: "git"
2025-12-09 15:54:01.807 [info] [main] Using git "2.52.0" from "git"
2025-12-09 15:54:01.807 [info] [Model][doInitialScan] Initial repository scan started
2025-12-09 15:54:01.807 [info] > git rev-parse --show-toplevel [8ms]
2025-12-09 15:54:01.807 [info] fatal: not a git repository (or any parent up to mount point /)
Stopping at filesystem boundary (GIT_DISCOVERY_ACROSS_FILESYSTEM not set).
2025-12-09 15:54:01.807 [info] > git rev-parse --show-toplevel [1ms]
2025-12-09 15:54:01.807 [info] fatal: not a git repository (or any parent up to mount point /)
Stopping at filesystem boundary (GIT_DISCOVERY_ACROSS_FILESYSTEM not set).
2025-12-09 15:54:01.807 [info] > git rev-parse --show-toplevel [1ms]
2025-12-09 15:54:01.807 [info] fatal: not a git repository (or any parent up to mount point /)
Stopping at filesystem boundary (GIT_DISCOVERY_ACROSS_FILESYSTEM not set).
2025-12-09 15:54:01.807 [info] > git rev-parse --show-toplevel [1ms]
2025-12-09 15:54:01.807 [info] fatal: not a git repository (or any parent up to mount point /)
Stopping at filesystem boundary (GIT_DISCOVERY_ACROSS_FILESYSTEM not set).
2025-12-09 15:54:01.807 [info] > git rev-parse --show-toplevel [1ms]
2025-12-09 15:54:01.807 [info] fatal: not a git repository (or any parent up to mount point /)
Stopping at filesystem boundary (GIT_DISCOVERY_ACROSS_FILESYSTEM not set).
2025-12-09 15:54:01.807 [info] > git rev-parse --show-toplevel [1ms]
2025-12-09 15:54:01.807 [info] fatal: not a git repository (or any parent up to mount point /)
Stopping at filesystem boundary (GIT_DISCOVERY_ACROSS_FILESYSTEM not set).
2025-12-09 15:54:01.807 [info] > git rev-parse --show-toplevel [1ms]
2025-12-09 15:54:01.807 [info] fatal: not a git repository (or any parent up to mount point /)
Stopping at filesystem boundary (GIT_DISCOVERY_ACROSS_FILESYSTEM not set).
2025-12-09 15:54:01.807 [info] > git rev-parse --show-toplevel [1ms]
2025-12-09 15:54:01.807 [info] fatal: not a git repository (or any parent up to mount point /)
Stopping at filesystem boundary (GIT_DISCOVERY_ACROSS_FILESYSTEM not set).
2025-12-09 15:54:01.807 [info] > git rev-parse --show-toplevel [1ms]
2025-12-09 15:54:01.807 [info] fatal: not a git repository (or any parent up to mount point /)
Stopping at filesystem boundary (GIT_DISCOVERY_ACROSS_FILESYSTEM not set).
2025-12-09 15:54:01.807 [info] > git rev-parse --show-toplevel [1ms]
2025-12-09 15:54:01.807 [info] fatal: not a git repository (or any parent up to mount point /)
Stopping at filesystem boundary (GIT_DISCOVERY_ACROSS_FILESYSTEM not set).
2025-12-09 15:54:01.807 [info] > git rev-parse --show-toplevel [1ms]
2025-12-09 15:54:01.807 [info] fatal: not a git repository (or any parent up to mount point /)
Stopping at filesystem boundary (GIT_DISCOVERY_ACROSS_FILESYSTEM not set).
2025-12-09 15:54:01.807 [info] > git rev-parse --show-toplevel [1ms]
2025-12-09 15:54:01.807 [info] fatal: not a git repository (or any parent up to mount point /)
Stopping at filesystem boundary (GIT_DISCOVERY_ACROSS_FILESYSTEM not set).
2025-12-09 15:54:01.807 [info] > git rev-parse --show-toplevel [1ms]
2025-12-09 15:54:01.807 [info] fatal: not a git repository (or any parent up to mount point /)
Stopping at filesystem boundary (GIT_DISCOVERY_ACROSS_FILESYSTEM not set).
2025-12-09 15:54:01.807 [info] > git rev-parse --show-toplevel [1ms]
2025-12-09 15:54:01.807 [info] fatal: not a git repository (or any parent up to mount point /)
Stopping at filesystem boundary (GIT_DISCOVERY_ACROSS_FILESYSTEM not set).
2025-12-09 15:54:01.807 [info] > git rev-parse --show-toplevel [1ms]
2025-12-09 15:54:01.807 [info] fatal: not a git repository (or any parent up to mount point /)
Stopping at filesystem boundary (GIT_DISCOVERY_ACROSS_FILESYSTEM not set).
2025-12-09 15:54:01.807 [info] > git rev-parse --show-toplevel [6ms]
2025-12-09 15:54:01.807 [info] fatal: not a git repository (or any parent up to mount point /)
Stopping at filesystem boundary (GIT_DISCOVERY_ACROSS_FILESYSTEM not set).
2025-12-09 15:54:01.807 [info] > git rev-parse --show-toplevel [21ms]
2025-12-09 15:54:01.807 [info] fatal: not a git repository (or any parent up to mount point /)
Stopping at filesystem boundary (GIT_DISCOVERY_ACROSS_FILESYSTEM not set).
2025-12-09 15:54:01.815 [info] > git rev-parse --show-toplevel [1ms]
2025-12-09 15:54:01.815 [info] fatal: not a git repository (or any parent up to mount point /)
Stopping at filesystem boundary (GIT_DISCOVERY_ACROSS_FILESYSTEM not set).
2025-12-09 15:54:01.819 [info] > git rev-parse --show-toplevel [1ms]
2025-12-09 15:54:01.819 [info] fatal: not a git repository (or any parent up to mount point /)
Stopping at filesystem boundary (GIT_DISCOVERY_ACROSS_FILESYSTEM not set).
2025-12-09 15:54:01.823 [info] > git rev-parse --show-toplevel [1ms]
2025-12-09 15:54:01.823 [info] fatal: not a git repository (or any parent up to mount point /)
Stopping at filesystem boundary (GIT_DISCOVERY_ACROSS_FILESYSTEM not set).
2025-12-09 15:54:01.827 [info] > git rev-parse --show-toplevel [1ms]
2025-12-09 15:54:01.827 [info] fatal: not a git repository (or any parent up to mount point /)
Stopping at filesystem boundary (GIT_DISCOVERY_ACROSS_FILESYSTEM not set).
2025-12-09 15:54:01.828 [info] [Model][doInitialScan] Initial repository scan completed - repositories (0), closed repositories (0), parent repositories (0), unsafe repositories (0)
2025-12-09 15:54:03.161 [info] > git rev-parse --show-toplevel [3ms]
2025-12-09 15:54:03.161 [info] fatal: not a git repository (or any parent up to mount point /)
Stopping at filesystem boundary (GIT_DISCOVERY_ACROSS_FILESYSTEM not set).
2025-12-09 15:55:56.514 [info] > git rev-parse --show-toplevel [1ms]
2025-12-09 15:55:56.514 [info] fatal: not a git repository (or any parent up to mount point /)
Stopping at filesystem boundary (GIT_DISCOVERY_ACROSS_FILESYSTEM not set).
2025-12-09 15:58:26.887 [info] > git rev-parse --show-toplevel [0ms]
2025-12-09 15:58:26.887 [info] fatal: not a git repository (or any parent up to mount point /)
Stopping at filesystem boundary (GIT_DISCOVERY_ACROSS_FILESYSTEM not set).
