2025-12-09 17:19:38.508 [info] [main] Log level: Info
2025-12-09 17:19:38.508 [info] [main] Validating found git in: "git"
2025-12-09 17:19:38.508 [info] [main] Using git "2.52.0" from "git"
2025-12-09 17:19:38.508 [info] [Model][doInitialScan] Initial repository scan started
2025-12-09 17:19:38.508 [info] > git rev-parse --show-toplevel [5ms]
2025-12-09 17:19:38.508 [info] fatal: not a git repository (or any parent up to mount point /)
Stopping at filesystem boundary (GIT_DISCOVERY_ACROSS_FILESYSTEM not set).
2025-12-09 17:19:38.508 [info] > git rev-parse --show-toplevel [1ms]
2025-12-09 17:19:38.508 [info] fatal: not a git repository (or any parent up to mount point /)
Stopping at filesystem boundary (GIT_DISCOVERY_ACROSS_FILESYSTEM not set).
2025-12-09 17:19:38.508 [info] > git rev-parse --show-toplevel [3ms]
2025-12-09 17:19:38.508 [info] fatal: not a git repository (or any parent up to mount point /)
Stopping at filesystem boundary (GIT_DISCOVERY_ACROSS_FILESYSTEM not set).
2025-12-09 17:19:38.508 [info] > git rev-parse --show-toplevel [1ms]
2025-12-09 17:19:38.508 [info] fatal: not a git repository (or any parent up to mount point /)
Stopping at filesystem boundary (GIT_DISCOVERY_ACROSS_FILESYSTEM not set).
2025-12-09 17:19:38.508 [info] > git rev-parse --show-toplevel [1ms]
2025-12-09 17:19:38.508 [info] fatal: not a git repository (or any parent up to mount point /)
Stopping at filesystem boundary (GIT_DISCOVERY_ACROSS_FILESYSTEM not set).
2025-12-09 17:19:38.508 [info] > git rev-parse --show-toplevel [1ms]
2025-12-09 17:19:38.508 [info] fatal: not a git repository (or any parent up to mount point /)
Stopping at filesystem boundary (GIT_DISCOVERY_ACROSS_FILESYSTEM not set).
2025-12-09 17:19:38.508 [info] > git rev-parse --show-toplevel [1ms]
2025-12-09 17:19:38.508 [info] fatal: not a git repository (or any parent up to mount point /)
Stopping at filesystem boundary (GIT_DISCOVERY_ACROSS_FILESYSTEM not set).
2025-12-09 17:19:38.508 [info] > git rev-parse --show-toplevel [1ms]
2025-12-09 17:19:38.508 [info] fatal: not a git repository (or any parent up to mount point /)
Stopping at filesystem boundary (GIT_DISCOVERY_ACROSS_FILESYSTEM not set).
2025-12-09 17:19:38.508 [info] > git rev-parse --show-toplevel [1ms]
2025-12-09 17:19:38.508 [info] fatal: not a git repository (or any parent up to mount point /)
Stopping at filesystem boundary (GIT_DISCOVERY_ACROSS_FILESYSTEM not set).
2025-12-09 17:19:38.508 [info] > git rev-parse --show-toplevel [1ms]
2025-12-09 17:19:38.508 [info] fatal: not a git repository (or any parent up to mount point /)
Stopping at filesystem boundary (GIT_DISCOVERY_ACROSS_FILESYSTEM not set).
2025-12-09 17:19:38.508 [info] > git rev-parse --show-toplevel [2ms]
2025-12-09 17:19:38.508 [info] fatal: not a git repository (or any parent up to mount point /)
Stopping at filesystem boundary (GIT_DISCOVERY_ACROSS_FILESYSTEM not set).
2025-12-09 17:19:38.508 [info] > git rev-parse --show-toplevel [1ms]
2025-12-09 17:19:38.508 [info] fatal: not a git repository (or any parent up to mount point /)
Stopping at filesystem boundary (GIT_DISCOVERY_ACROSS_FILESYSTEM not set).
2025-12-09 17:19:38.517 [info] > git rev-parse --show-toplevel [6ms]
2025-12-09 17:19:38.517 [info] fatal: not a git repository (or any parent up to mount point /)
Stopping at filesystem boundary (GIT_DISCOVERY_ACROSS_FILESYSTEM not set).
2025-12-09 17:19:38.544 [info] > git rev-parse --show-toplevel [4ms]
2025-12-09 17:19:38.545 [info] fatal: not a git repository (or any parent up to mount point /)
Stopping at filesystem boundary (GIT_DISCOVERY_ACROSS_FILESYSTEM not set).
2025-12-09 17:19:38.551 [info] > git rev-parse --show-toplevel [2ms]
2025-12-09 17:19:38.551 [info] fatal: not a git repository (or any parent up to mount point /)
Stopping at filesystem boundary (GIT_DISCOVERY_ACROSS_FILESYSTEM not set).
2025-12-09 17:19:38.555 [info] > git rev-parse --show-toplevel [1ms]
2025-12-09 17:19:38.555 [info] fatal: not a git repository (or any parent up to mount point /)
Stopping at filesystem boundary (GIT_DISCOVERY_ACROSS_FILESYSTEM not set).
2025-12-09 17:19:38.559 [info] > git rev-parse --show-toplevel [1ms]
2025-12-09 17:19:38.559 [info] fatal: not a git repository (or any parent up to mount point /)
Stopping at filesystem boundary (GIT_DISCOVERY_ACROSS_FILESYSTEM not set).
2025-12-09 17:19:38.566 [info] > git rev-parse --show-toplevel [1ms]
2025-12-09 17:19:38.566 [info] fatal: not a git repository (or any parent up to mount point /)
Stopping at filesystem boundary (GIT_DISCOVERY_ACROSS_FILESYSTEM not set).
2025-12-09 17:19:38.570 [info] > git rev-parse --show-toplevel [1ms]
2025-12-09 17:19:38.570 [info] fatal: not a git repository (or any parent up to mount point /)
Stopping at filesystem boundary (GIT_DISCOVERY_ACROSS_FILESYSTEM not set).
2025-12-09 17:19:38.574 [info] > git rev-parse --show-toplevel [1ms]
2025-12-09 17:19:38.574 [info] fatal: not a git repository (or any parent up to mount point /)
Stopping at filesystem boundary (GIT_DISCOVERY_ACROSS_FILESYSTEM not set).
2025-12-09 17:19:38.578 [info] > git rev-parse --show-toplevel [1ms]
2025-12-09 17:19:38.578 [info] fatal: not a git repository (or any parent up to mount point /)
Stopping at filesystem boundary (GIT_DISCOVERY_ACROSS_FILESYSTEM not set).
2025-12-09 17:19:38.582 [info] > git rev-parse --show-toplevel [1ms]
2025-12-09 17:19:38.582 [info] fatal: not a git repository (or any parent up to mount point /)
Stopping at filesystem boundary (GIT_DISCOVERY_ACROSS_FILESYSTEM not set).
2025-12-09 17:19:38.582 [info] [Model][doInitialScan] Initial repository scan completed - repositories (0), closed repositories (0), parent repositories (0), unsafe repositories (0)
2025-12-09 17:19:39.739 [info] > git rev-parse --show-toplevel [2ms]
2025-12-09 17:19:39.739 [info] fatal: not a git repository (or any parent up to mount point /)
Stopping at filesystem boundary (GIT_DISCOVERY_ACROSS_FILESYSTEM not set).
2025-12-09 17:19:56.794 [info] [main] Log level: Info
2025-12-09 17:19:56.794 [info] [main] Validating found git in: "git"
2025-12-09 17:19:56.794 [info] [main] Using git "2.52.0" from "git"
2025-12-09 17:19:56.794 [info] [Model][doInitialScan] Initial repository scan started
2025-12-09 17:19:56.794 [info] > git rev-parse --show-toplevel [6ms]
2025-12-09 17:19:56.794 [info] fatal: not a git repository (or any parent up to mount point /)
Stopping at filesystem boundary (GIT_DISCOVERY_ACROSS_FILESYSTEM not set).
2025-12-09 17:19:56.798 [info] > git rev-parse --show-toplevel [1ms]
2025-12-09 17:19:56.804 [info] > git rev-parse --git-dir --git-common-dir --show-superproject-working-tree [3ms]
2025-12-09 17:19:56.814 [info] [Model][openRepository] Opened repository (path): /home/shane/Documents/dotfiles
2025-12-09 17:19:56.815 [info] [Model][openRepository] Opened repository (real path): /home/shane/Documents/dotfiles
2025-12-09 17:19:56.815 [info] [Model][openRepository] Opened repository (kind): repository
2025-12-09 17:19:56.825 [info] > git config --get commit.template [4ms]
2025-12-09 17:19:56.842 [info] > git rev-parse --show-toplevel [19ms]
2025-12-09 17:19:56.867 [info] > git rev-parse --git-dir --git-common-dir --show-superproject-working-tree [9ms]
2025-12-09 17:19:56.870 [info] [Model][openRepository] Opened repository (path): /home/shane/Documents/hyprdots
2025-12-09 17:19:56.870 [info] [Model][openRepository] Opened repository (real path): /home/shane/Documents/hyprdots
2025-12-09 17:19:56.870 [info] [Model][openRepository] Opened repository (kind): repository
2025-12-09 17:19:56.871 [info] [Model][doInitialScan] Initial repository scan completed - repositories (2), closed repositories (0), parent repositories (0), unsafe repositories (0)
2025-12-09 17:19:56.871 [info] > git for-each-ref --format=%(refname)%00%(upstream:short)%00%(objectname)%00%(upstream:track)%00%(upstream:remotename)%00%(upstream:remoteref) refs/heads/main refs/remotes/main [16ms]
2025-12-09 17:19:56.897 [warning] [Git][revParse] Unable to read file: ENOENT: no such file or directory, open '/home/shane/Documents/dotfiles/.git/refs/remotes/origin/main'
2025-12-09 17:19:56.902 [info] > git rev-parse refs/remotes/origin/main [5ms]
2025-12-09 17:19:56.908 [info] > git config --get commit.template [13ms]
2025-12-09 17:19:56.910 [info] > git status -z -uall [5ms]
2025-12-09 17:19:56.910 [info] > git for-each-ref --sort -committerdate --format %(refname)%00%(objectname)%00%(*objectname) [2ms]
2025-12-09 17:19:56.934 [info] > git for-each-ref --format=%(refname)%00%(upstream:short)%00%(objectname)%00%(upstream:track)%00%(upstream:remotename)%00%(upstream:remoteref) refs/heads/main refs/remotes/main [7ms]
2025-12-09 17:19:56.938 [info] > git config --get --local branch.main.vscode-merge-base [2ms]
2025-12-09 17:19:56.938 [warning] [Git][config] git config failed: Failed to execute git
2025-12-09 17:19:56.940 [info] > git config --get commit.template [7ms]
2025-12-09 17:19:56.940 [info] > git for-each-ref --format=%(refname)%00%(upstream:short)%00%(objectname)%00%(upstream:track)%00%(upstream:remotename)%00%(upstream:remoteref) refs/heads/main refs/remotes/main [9ms]
2025-12-09 17:19:56.943 [warning] [Git][revParse] Unable to read file: ENOENT: no such file or directory, open '/home/shane/Documents/hyprdots/.git/refs/remotes/origin/main'
2025-12-09 17:19:56.945 [info] > git reflog main --grep-reflog=branch: Created from *. [5ms]
2025-12-09 17:19:56.948 [info] > git for-each-ref --format=%(refname)%00%(upstream:short)%00%(objectname)%00%(upstream:track)%00%(upstream:remotename)%00%(upstream:remoteref) refs/heads/main refs/remotes/main [3ms]
2025-12-09 17:19:56.948 [info] > git rev-parse refs/remotes/origin/main [5ms]
2025-12-09 17:19:56.955 [warning] [Git][revParse] Unable to read file: ENOENT: no such file or directory, open '/home/shane/Documents/dotfiles/.git/refs/remotes/origin/main'
2025-12-09 17:19:56.956 [info] > git symbolic-ref --short refs/remotes/origin/HEAD [9ms]
2025-12-09 17:19:56.959 [info] > git rev-parse refs/remotes/origin/main [4ms]
2025-12-09 17:19:56.963 [info] > git for-each-ref --sort -committerdate --format %(refname)%00%(objectname)%00%(*objectname) [10ms]
2025-12-09 17:19:56.964 [info] > git status -z -uall [3ms]
2025-12-09 17:19:56.964 [info] > git for-each-ref --format=%(refname)%00%(upstream:short)%00%(objectname)%00%(upstream:track)%00%(upstream:remotename)%00%(upstream:remoteref) refs/heads/origin/main refs/remotes/origin/main [6ms]
2025-12-09 17:19:56.968 [info] > git for-each-ref --sort -committerdate --format %(refname)%00%(objectname)%00%(*objectname) [5ms]
2025-12-09 17:19:56.971 [info] > git config --add --local branch.main.vscode-merge-base origin/main [4ms]
2025-12-09 17:19:56.977 [info] > git config --get commit.template [3ms]
2025-12-09 17:19:56.978 [info] > git for-each-ref --format=%(refname)%00%(upstream:short)%00%(objectname)%00%(upstream:track)%00%(upstream:remotename)%00%(upstream:remoteref) refs/heads/main refs/remotes/main [1ms]
2025-12-09 17:19:56.980 [warning] [Git][revParse] Unable to read file: ENOENT: no such file or directory, open '/home/shane/Documents/dotfiles/.git/refs/remotes/origin/main'
2025-12-09 17:19:56.981 [info] > git rev-parse refs/remotes/origin/main [1ms]
2025-12-09 17:19:56.986 [info] > git status -z -uall [3ms]
2025-12-09 17:19:56.986 [info] > git for-each-ref --sort -committerdate --format %(refname)%00%(objectname)%00%(*objectname) [1ms]
2025-12-09 17:19:56.995 [info] > git merge-base refs/heads/main refs/remotes/origin/main [4ms]
2025-12-09 17:19:56.999 [info] > git merge-base refs/heads/main refs/remotes/origin/main [4ms]
2025-12-09 17:19:57.002 [info] > git diff --name-status -z --diff-filter=ADMR --find-renames=50% 8545c8e1b2c9b0736c9d609ebb70ff0d3c1767d5...refs/remotes/origin/main -- [4ms]
2025-12-09 17:19:57.003 [info] > git diff --name-status -z --diff-filter=ADMR --find-renames=50% 8545c8e1b2c9b0736c9d609ebb70ff0d3c1767d5...refs/remotes/origin/main -- [1ms]
2025-12-09 17:19:57.040 [info] > git status -z -uall [90ms]
2025-12-09 17:19:57.048 [info] > git config --get commit.template [1ms]
2025-12-09 17:19:57.048 [info] > git for-each-ref --format=%(refname)%00%(upstream:short)%00%(objectname)%00%(upstream:track)%00%(upstream:remotename)%00%(upstream:remoteref) refs/heads/main refs/remotes/main [4ms]
2025-12-09 17:19:57.052 [info] > git config --get --local branch.main.vscode-merge-base [1ms]
2025-12-09 17:19:57.052 [warning] [Git][config] git config failed: Failed to execute git
2025-12-09 17:19:57.057 [info] > git reflog main --grep-reflog=branch: Created from *. [3ms]
2025-12-09 17:19:57.060 [info] > git for-each-ref --format=%(refname)%00%(upstream:short)%00%(objectname)%00%(upstream:track)%00%(upstream:remotename)%00%(upstream:remoteref) refs/heads/main refs/remotes/main [3ms]
2025-12-09 17:19:57.062 [warning] [Git][revParse] Unable to read file: ENOENT: no such file or directory, open '/home/shane/Documents/hyprdots/.git/refs/remotes/origin/main'
2025-12-09 17:19:57.062 [info] > git symbolic-ref --short refs/remotes/origin/HEAD [3ms]
2025-12-09 17:19:57.064 [info] > git rev-parse refs/remotes/origin/main [2ms]
2025-12-09 17:19:57.069 [info] > git for-each-ref --format=%(refname)%00%(upstream:short)%00%(objectname)%00%(upstream:track)%00%(upstream:remotename)%00%(upstream:remoteref) refs/heads/origin/main refs/remotes/origin/main [5ms]
2025-12-09 17:19:57.072 [info] > git for-each-ref --sort -committerdate --format %(refname)%00%(objectname)%00%(*objectname) [3ms]
2025-12-09 17:19:57.072 [info] > git config --add --local branch.main.vscode-merge-base origin/main [1ms]
2025-12-09 17:19:57.076 [info] > git status -z -uall [10ms] (cancelled)
2025-12-09 17:19:57.077 [info] > git config --get commit.template [1ms]
2025-12-09 17:19:57.080 [info] > git for-each-ref --format=%(refname)%00%(upstream:short)%00%(objectname)%00%(upstream:track)%00%(upstream:remotename)%00%(upstream:remoteref) refs/heads/main refs/remotes/main [1ms]
2025-12-09 17:19:57.082 [warning] [Git][revParse] Unable to read file: ENOENT: no such file or directory, open '/home/shane/Documents/hyprdots/.git/refs/remotes/origin/main'
2025-12-09 17:19:57.083 [info] > git rev-parse refs/remotes/origin/main [1ms]
2025-12-09 17:19:57.089 [info] > git for-each-ref --sort -committerdate --format %(refname)%00%(objectname)%00%(*objectname) [1ms]
2025-12-09 17:19:57.149 [info] > git status -z -uall [64ms]
2025-12-09 17:19:57.156 [info] > git merge-base refs/heads/main refs/remotes/origin/main [3ms]
2025-12-09 17:19:57.159 [info] > git merge-base refs/heads/main refs/remotes/origin/main [4ms]
2025-12-09 17:19:57.162 [info] > git diff --name-status -z --diff-filter=ADMR --find-renames=50% ecdc26378fc4473e6158744080e2ada55fa918b1...refs/remotes/origin/main -- [4ms]
2025-12-09 17:19:57.163 [info] > git diff --name-status -z --diff-filter=ADMR --find-renames=50% ecdc26378fc4473e6158744080e2ada55fa918b1...refs/remotes/origin/main -- [2ms]
2025-12-09 17:19:57.427 [info] > git check-ignore -v -z --stdin [16ms]
2025-12-09 17:19:57.429 [info] > git check-ignore -v -z --stdin [6ms]
2025-12-09 17:19:58.078 [info] > git config --get commit.template [12ms]
2025-12-09 17:19:58.081 [info] > git for-each-ref --format=%(refname)%00%(upstream:short)%00%(objectname)%00%(upstream:track)%00%(upstream:remotename)%00%(upstream:remoteref) refs/heads/main refs/remotes/main [5ms]
2025-12-09 17:19:58.092 [warning] [Git][revParse] Unable to read file: ENOENT: no such file or directory, open '/home/shane/Documents/dotfiles/.git/refs/remotes/origin/main'
2025-12-09 17:19:58.096 [info] > git rev-parse refs/remotes/origin/main [5ms]
2025-12-09 17:19:58.116 [info] > git status -z -uall [10ms]
2025-12-09 17:19:58.118 [info] > git for-each-ref --sort -committerdate --format %(refname)%00%(objectname)%00%(*objectname) [3ms]
2025-12-09 17:19:58.226 [info] > git config --get commit.template [12ms]
2025-12-09 17:19:58.229 [info] > git for-each-ref --format=%(refname)%00%(upstream:short)%00%(objectname)%00%(upstream:track)%00%(upstream:remotename)%00%(upstream:remoteref) refs/heads/main refs/remotes/main [5ms]
2025-12-09 17:19:58.238 [warning] [Git][revParse] Unable to read file: ENOENT: no such file or directory, open '/home/shane/Documents/hyprdots/.git/refs/remotes/origin/main'
2025-12-09 17:19:58.242 [info] > git rev-parse refs/remotes/origin/main [4ms]
2025-12-09 17:19:58.267 [info] > git for-each-ref --sort -committerdate --format %(refname)%00%(objectname)%00%(*objectname) [5ms]
2025-12-09 17:19:58.341 [info] > git status -z -uall [90ms]
2025-12-09 17:19:58.593 [info] > git rev-parse --show-toplevel [2ms]
2025-12-09 17:19:58.593 [info] fatal: not a git repository (or any parent up to mount point /)
Stopping at filesystem boundary (GIT_DISCOVERY_ACROSS_FILESYSTEM not set).
2025-12-09 17:20:07.464 [info] > git rev-parse --show-toplevel [1ms]
2025-12-09 17:20:07.464 [info] fatal: not a git repository (or any parent up to mount point /)
Stopping at filesystem boundary (GIT_DISCOVERY_ACROSS_FILESYSTEM not set).
