2025-12-08 17:03:37.066 [info] [main] Log level: Info
2025-12-08 17:03:37.066 [info] [main] Validating found git in: "git"
2025-12-08 17:03:37.066 [info] [main] Using git "2.52.0" from "git"
2025-12-08 17:03:37.066 [info] [Model][doInitialScan] Initial repository scan started
2025-12-08 17:03:37.066 [info] > git rev-parse --show-toplevel [19ms]
2025-12-08 17:03:37.066 [info] > git rev-parse --git-dir --git-common-dir --show-superproject-working-tree [5ms]
2025-12-08 17:03:37.066 [info] [Model][openRepository] Opened repository (path): /home/shane/.config
2025-12-08 17:03:37.066 [info] [Model][openRepository] Opened repository (real path): /home/shane/.config
2025-12-08 17:03:37.066 [info] [Model][openRepository] Opened repository (kind): repository
2025-12-08 17:03:37.066 [info] > git rev-parse --show-toplevel [7ms]
2025-12-08 17:03:37.066 [info] > git config --get commit.template [11ms]
2025-12-08 17:03:37.066 [info] > git for-each-ref --format=%(refname)%00%(upstream:short)%00%(objectname)%00%(upstream:track)%00%(upstream:remotename)%00%(upstream:remoteref) refs/heads/main refs/remotes/main [3ms]
2025-12-08 17:03:37.109 [info] > git status -z -uall [39ms]
2025-12-08 17:03:37.109 [info] > git for-each-ref --sort -committerdate --format %(refname)%00%(objectname)%00%(*objectname) [35ms]
2025-12-08 17:03:37.149 [info] > git for-each-ref --format=%(refname)%00%(upstream:short)%00%(objectname)%00%(upstream:track)%00%(upstream:remotename)%00%(upstream:remoteref) refs/heads/main refs/remotes/main [17ms]
2025-12-08 17:03:37.161 [info] > git config --get --local branch.main.vscode-merge-base [8ms]
2025-12-08 17:03:37.165 [info] > git config --get commit.template [17ms]
2025-12-08 17:03:37.167 [info] > git rev-parse --show-toplevel [7ms]
2025-12-08 17:03:37.178 [info] > git for-each-ref --format=%(refname)%00%(upstream:short)%00%(objectname)%00%(upstream:track)%00%(upstream:remotename)%00%(upstream:remoteref) refs/heads/origin/main refs/remotes/origin/main [14ms]
2025-12-08 17:03:37.183 [info] > git rev-parse --show-toplevel [6ms]
2025-12-08 17:03:37.183 [info] > git for-each-ref --format=%(refname)%00%(upstream:short)%00%(objectname)%00%(upstream:track)%00%(upstream:remotename)%00%(upstream:remoteref) refs/heads/main refs/remotes/main [8ms]
2025-12-08 17:03:37.187 [info] > git merge-base refs/heads/main refs/remotes/origin/main [6ms]
2025-12-08 17:03:37.190 [info] > git rev-parse --show-toplevel [4ms]
2025-12-08 17:03:37.200 [info] > git diff --name-status -z --diff-filter=ADMR --find-renames=50% 528ef39c1541f318de813d63c5ffdfb2d4cfed0e...refs/remotes/origin/main -- [10ms]
2025-12-08 17:03:37.201 [info] > git rev-parse --show-toplevel [8ms]
2025-12-08 17:03:37.201 [info] > git for-each-ref --sort -committerdate --format %(refname)%00%(objectname)%00%(*objectname) [1ms]
2025-12-08 17:03:37.204 [info] > git status -z -uall [7ms]
2025-12-08 17:03:37.208 [info] > git rev-parse --show-toplevel [4ms]
2025-12-08 17:03:37.212 [info] > git rev-parse --show-toplevel [1ms]
2025-12-08 17:03:37.216 [info] > git rev-parse --show-toplevel [1ms]
2025-12-08 17:03:37.220 [info] > git rev-parse --show-toplevel [1ms]
2025-12-08 17:03:37.225 [info] > git rev-parse --show-toplevel [1ms]
2025-12-08 17:03:37.230 [info] > git rev-parse --show-toplevel [1ms]
2025-12-08 17:03:37.234 [info] > git rev-parse --show-toplevel [1ms]
2025-12-08 17:03:37.238 [info] > git rev-parse --show-toplevel [1ms]
2025-12-08 17:03:37.243 [info] > git rev-parse --show-toplevel [1ms]
2025-12-08 17:03:37.247 [info] > git rev-parse --show-toplevel [1ms]
2025-12-08 17:03:37.252 [info] > git rev-parse --show-toplevel [1ms]
2025-12-08 17:03:37.257 [info] > git rev-parse --show-toplevel [1ms]
2025-12-08 17:03:37.262 [info] > git rev-parse --show-toplevel [2ms]
2025-12-08 17:03:37.262 [info] [Model][doInitialScan] Initial repository scan completed - repositories (1), closed repositories (0), parent repositories (0), unsafe repositories (0)
2025-12-08 17:03:37.401 [info] > git show --textconv :hypr/hypridle.conf [4ms]
2025-12-08 17:03:37.402 [info] > git ls-files --stage -- hypr/hypridle.conf [1ms]
2025-12-08 17:03:37.406 [info] > git cat-file -s 609ff78e95d0ae395981ef735e35125c10ae8317 [1ms]
2025-12-08 17:03:37.429 [info] > git blame --root --incremental 528ef39c1541f318de813d63c5ffdfb2d4cfed0e -- hypr/hypridle.conf [2ms]
2025-12-08 17:03:37.571 [info] > git check-ignore -v -z --stdin [2ms]
2025-12-08 17:03:40.551 [info] > git config --get commit.template [4ms]
2025-12-08 17:03:40.552 [info] > git for-each-ref --format=%(refname)%00%(upstream:short)%00%(objectname)%00%(upstream:track)%00%(upstream:remotename)%00%(upstream:remoteref) refs/heads/main refs/remotes/main [1ms]
2025-12-08 17:03:40.559 [info] > git for-each-ref --sort -committerdate --format %(refname)%00%(objectname)%00%(*objectname) [1ms]
2025-12-08 17:03:40.565 [info] > git status -z -uall [9ms]
2025-12-08 17:03:43.767 [info] > git check-ignore -v -z --stdin [7ms]
2025-12-08 17:03:45.665 [info] > git config --get commit.template [5ms]
2025-12-08 17:03:45.666 [info] > git for-each-ref --format=%(refname)%00%(upstream:short)%00%(objectname)%00%(upstream:track)%00%(upstream:remotename)%00%(upstream:remoteref) refs/heads/main refs/remotes/main [2ms]
2025-12-08 17:03:45.676 [info] > git for-each-ref --sort -committerdate --format %(refname)%00%(objectname)%00%(*objectname) [2ms]
2025-12-08 17:03:45.680 [info] > git status -z -uall [10ms]
2025-12-08 17:03:50.748 [info] > git show --textconv :waybar/config.jsonc [4ms]
2025-12-08 17:03:50.749 [info] > git ls-files --stage -- waybar/config.jsonc [2ms]
2025-12-08 17:03:50.753 [info] > git cat-file -s a1f8fbcfb8f135b724a334879c34b8f3e40f4b35 [1ms]
2025-12-08 17:03:50.769 [info] > git blame --root --incremental 528ef39c1541f318de813d63c5ffdfb2d4cfed0e -- waybar/config.jsonc [3ms]
2025-12-08 17:03:51.913 [info] > git config --get commit.template [4ms]
2025-12-08 17:03:51.914 [info] > git for-each-ref --format=%(refname)%00%(upstream:short)%00%(objectname)%00%(upstream:track)%00%(upstream:remotename)%00%(upstream:remoteref) refs/heads/main refs/remotes/main [2ms]
2025-12-08 17:03:51.926 [info] > git for-each-ref --sort -committerdate --format %(refname)%00%(objectname)%00%(*objectname) [1ms]
2025-12-08 17:03:51.933 [info] > git status -z -uall [14ms]
2025-12-08 17:03:56.952 [info] > git config --get commit.template [3ms]
2025-12-08 17:03:56.952 [info] > git for-each-ref --format=%(refname)%00%(upstream:short)%00%(objectname)%00%(upstream:track)%00%(upstream:remotename)%00%(upstream:remoteref) refs/heads/main refs/remotes/main [1ms]
2025-12-08 17:03:56.959 [info] > git for-each-ref --sort -committerdate --format %(refname)%00%(objectname)%00%(*objectname) [1ms]
2025-12-08 17:03:56.964 [info] > git status -z -uall [9ms]
2025-12-08 17:04:09.511 [info] > git config --get commit.template [5ms]
2025-12-08 17:04:09.512 [info] > git for-each-ref --format=%(refname)%00%(upstream:short)%00%(objectname)%00%(upstream:track)%00%(upstream:remotename)%00%(upstream:remoteref) refs/heads/main refs/remotes/main [1ms]
2025-12-08 17:04:09.522 [info] > git for-each-ref --sort -committerdate --format %(refname)%00%(objectname)%00%(*objectname) [1ms]
2025-12-08 17:04:09.527 [info] > git status -z -uall [11ms]
2025-12-08 17:04:14.555 [info] > git config --get commit.template [12ms]
2025-12-08 17:04:14.559 [info] > git for-each-ref --format=%(refname)%00%(upstream:short)%00%(objectname)%00%(upstream:track)%00%(upstream:remotename)%00%(upstream:remoteref) refs/heads/main refs/remotes/main [6ms]
2025-12-08 17:04:14.590 [info] > git for-each-ref --sort -committerdate --format %(refname)%00%(objectname)%00%(*objectname) [4ms]
2025-12-08 17:04:14.596 [info] > git status -z -uall [18ms]
2025-12-08 17:04:19.610 [info] > git config --get commit.template [3ms]
2025-12-08 17:04:19.611 [info] > git for-each-ref --format=%(refname)%00%(upstream:short)%00%(objectname)%00%(upstream:track)%00%(upstream:remotename)%00%(upstream:remoteref) refs/heads/main refs/remotes/main [1ms]
2025-12-08 17:04:19.617 [info] > git for-each-ref --sort -committerdate --format %(refname)%00%(objectname)%00%(*objectname) [1ms]
2025-12-08 17:04:19.624 [info] > git status -z -uall [11ms]
2025-12-08 17:04:24.643 [info] > git config --get commit.template [4ms]
2025-12-08 17:04:24.643 [info] > git for-each-ref --format=%(refname)%00%(upstream:short)%00%(objectname)%00%(upstream:track)%00%(upstream:remotename)%00%(upstream:remoteref) refs/heads/main refs/remotes/main [1ms]
2025-12-08 17:04:24.650 [info] > git for-each-ref --sort -committerdate --format %(refname)%00%(objectname)%00%(*objectname) [1ms]
2025-12-08 17:04:24.655 [info] > git status -z -uall [9ms]
2025-12-08 17:04:28.961 [info] > git check-ignore -v -z --stdin [2ms]
2025-12-08 17:04:29.685 [info] > git config --get commit.template [13ms]
2025-12-08 17:04:29.687 [info] > git for-each-ref --format=%(refname)%00%(upstream:short)%00%(objectname)%00%(upstream:track)%00%(upstream:remotename)%00%(upstream:remoteref) refs/heads/main refs/remotes/main [3ms]
2025-12-08 17:04:29.708 [info] > git for-each-ref --sort -committerdate --format %(refname)%00%(objectname)%00%(*objectname) [5ms]
2025-12-08 17:04:29.721 [info] > git status -z -uall [25ms]
2025-12-08 17:04:34.732 [info] > git config --get commit.template [4ms]
2025-12-08 17:04:34.733 [info] > git for-each-ref --format=%(refname)%00%(upstream:short)%00%(objectname)%00%(upstream:track)%00%(upstream:remotename)%00%(upstream:remoteref) refs/heads/main refs/remotes/main [1ms]
2025-12-08 17:04:34.742 [info] > git for-each-ref --sort -committerdate --format %(refname)%00%(objectname)%00%(*objectname) [2ms]
2025-12-08 17:04:34.749 [info] > git status -z -uall [12ms]
2025-12-08 17:04:50.651 [info] > git config --get commit.template [5ms]
2025-12-08 17:04:50.652 [info] > git for-each-ref --format=%(refname)%00%(upstream:short)%00%(objectname)%00%(upstream:track)%00%(upstream:remotename)%00%(upstream:remoteref) refs/heads/main refs/remotes/main [2ms]
2025-12-08 17:04:50.667 [info] > git for-each-ref --sort -committerdate --format %(refname)%00%(objectname)%00%(*objectname) [2ms]
2025-12-08 17:04:50.673 [info] > git status -z -uall [15ms]
2025-12-08 17:05:01.669 [info] > git config --get commit.template [5ms]
2025-12-08 17:05:01.670 [info] > git for-each-ref --format=%(refname)%00%(upstream:short)%00%(objectname)%00%(upstream:track)%00%(upstream:remotename)%00%(upstream:remoteref) refs/heads/main refs/remotes/main [1ms]
2025-12-08 17:05:01.680 [info] > git for-each-ref --sort -committerdate --format %(refname)%00%(objectname)%00%(*objectname) [2ms]
2025-12-08 17:05:01.685 [info] > git status -z -uall [10ms]
2025-12-08 17:05:06.712 [info] > git config --get commit.template [12ms]
2025-12-08 17:05:06.715 [info] > git for-each-ref --format=%(refname)%00%(upstream:short)%00%(objectname)%00%(upstream:track)%00%(upstream:remotename)%00%(upstream:remoteref) refs/heads/main refs/remotes/main [5ms]
2025-12-08 17:05:06.743 [info] > git for-each-ref --sort -committerdate --format %(refname)%00%(objectname)%00%(*objectname) [6ms]
2025-12-08 17:05:06.760 [info] > git status -z -uall [33ms]
2025-12-08 17:05:11.963 [info] > git config --get commit.template [3ms]
2025-12-08 17:05:11.964 [info] > git for-each-ref --format=%(refname)%00%(upstream:short)%00%(objectname)%00%(upstream:track)%00%(upstream:remotename)%00%(upstream:remoteref) refs/heads/main refs/remotes/main [1ms]
2025-12-08 17:05:11.971 [info] > git for-each-ref --sort -committerdate --format %(refname)%00%(objectname)%00%(*objectname) [2ms]
2025-12-08 17:05:11.977 [info] > git status -z -uall [10ms]
2025-12-08 17:05:17.897 [info] > git config --get commit.template [13ms]
2025-12-08 17:05:17.899 [info] > git for-each-ref --format=%(refname)%00%(upstream:short)%00%(objectname)%00%(upstream:track)%00%(upstream:remotename)%00%(upstream:remoteref) refs/heads/main refs/remotes/main [3ms]
2025-12-08 17:05:17.914 [info] > git for-each-ref --sort -committerdate --format %(refname)%00%(objectname)%00%(*objectname) [2ms]
2025-12-08 17:05:17.924 [info] > git status -z -uall [17ms]
2025-12-08 17:05:22.945 [info] > git config --get commit.template [4ms]
2025-12-08 17:05:22.946 [info] > git for-each-ref --format=%(refname)%00%(upstream:short)%00%(objectname)%00%(upstream:track)%00%(upstream:remotename)%00%(upstream:remoteref) refs/heads/main refs/remotes/main [1ms]
2025-12-08 17:05:22.953 [info] > git for-each-ref --sort -committerdate --format %(refname)%00%(objectname)%00%(*objectname) [2ms]
2025-12-08 17:05:22.958 [info] > git status -z -uall [9ms]
2025-12-08 17:05:27.978 [info] > git config --get commit.template [4ms]
2025-12-08 17:05:27.979 [info] > git for-each-ref --format=%(refname)%00%(upstream:short)%00%(objectname)%00%(upstream:track)%00%(upstream:remotename)%00%(upstream:remoteref) refs/heads/main refs/remotes/main [1ms]
2025-12-08 17:05:27.986 [info] > git for-each-ref --sort -committerdate --format %(refname)%00%(objectname)%00%(*objectname) [2ms]
2025-12-08 17:05:27.991 [info] > git status -z -uall [9ms]
2025-12-08 17:05:33.008 [info] > git config --get commit.template [6ms]
2025-12-08 17:05:33.009 [info] > git for-each-ref --format=%(refname)%00%(upstream:short)%00%(objectname)%00%(upstream:track)%00%(upstream:remotename)%00%(upstream:remoteref) refs/heads/main refs/remotes/main [2ms]
2025-12-08 17:05:33.021 [info] > git for-each-ref --sort -committerdate --format %(refname)%00%(objectname)%00%(*objectname) [2ms]
2025-12-08 17:05:33.032 [info] > git status -z -uall [17ms]
2025-12-08 17:05:38.047 [info] > git config --get commit.template [6ms]
2025-12-08 17:05:38.048 [info] > git for-each-ref --format=%(refname)%00%(upstream:short)%00%(objectname)%00%(upstream:track)%00%(upstream:remotename)%00%(upstream:remoteref) refs/heads/main refs/remotes/main [2ms]
2025-12-08 17:05:38.060 [info] > git for-each-ref --sort -committerdate --format %(refname)%00%(objectname)%00%(*objectname) [2ms]
2025-12-08 17:05:38.070 [info] > git status -z -uall [17ms]
2025-12-08 17:05:43.090 [info] > git config --get commit.template [5ms]
2025-12-08 17:05:43.090 [info] > git for-each-ref --format=%(refname)%00%(upstream:short)%00%(objectname)%00%(upstream:track)%00%(upstream:remotename)%00%(upstream:remoteref) refs/heads/main refs/remotes/main [1ms]
2025-12-08 17:05:43.097 [info] > git for-each-ref --sort -committerdate --format %(refname)%00%(objectname)%00%(*objectname) [1ms]
2025-12-08 17:05:43.102 [info] > git status -z -uall [9ms]
2025-12-08 17:05:48.113 [info] > git config --get commit.template [5ms]
2025-12-08 17:05:48.114 [info] > git for-each-ref --format=%(refname)%00%(upstream:short)%00%(objectname)%00%(upstream:track)%00%(upstream:remotename)%00%(upstream:remoteref) refs/heads/main refs/remotes/main [2ms]
2025-12-08 17:05:48.123 [info] > git for-each-ref --sort -committerdate --format %(refname)%00%(objectname)%00%(*objectname) [2ms]
2025-12-08 17:05:48.129 [info] > git status -z -uall [11ms]
2025-12-08 17:05:53.144 [info] > git config --get commit.template [3ms]
2025-12-08 17:05:53.144 [info] > git for-each-ref --format=%(refname)%00%(upstream:short)%00%(objectname)%00%(upstream:track)%00%(upstream:remotename)%00%(upstream:remoteref) refs/heads/main refs/remotes/main [1ms]
2025-12-08 17:05:53.151 [info] > git for-each-ref --sort -committerdate --format %(refname)%00%(objectname)%00%(*objectname) [1ms]
2025-12-08 17:05:53.157 [info] > git status -z -uall [10ms]
2025-12-08 17:06:17.083 [info] > git config --get commit.template [6ms]
2025-12-08 17:06:17.084 [info] > git for-each-ref --format=%(refname)%00%(upstream:short)%00%(objectname)%00%(upstream:track)%00%(upstream:remotename)%00%(upstream:remoteref) refs/heads/main refs/remotes/main [2ms]
2025-12-08 17:06:17.094 [info] > git for-each-ref --sort -committerdate --format %(refname)%00%(objectname)%00%(*objectname) [2ms]
2025-12-08 17:06:17.099 [info] > git status -z -uall [11ms]
2025-12-08 17:06:25.100 [info] > git config --get commit.template [4ms]
2025-12-08 17:06:25.101 [info] > git for-each-ref --format=%(refname)%00%(upstream:short)%00%(objectname)%00%(upstream:track)%00%(upstream:remotename)%00%(upstream:remoteref) refs/heads/main refs/remotes/main [1ms]
2025-12-08 17:06:25.111 [info] > git for-each-ref --sort -committerdate --format %(refname)%00%(objectname)%00%(*objectname) [2ms]
2025-12-08 17:06:25.122 [info] > git status -z -uall [16ms]
2025-12-08 17:06:30.544 [info] > git config --get commit.template [4ms]
2025-12-08 17:06:30.557 [info] > git for-each-ref --format=%(refname)%00%(upstream:short)%00%(objectname)%00%(upstream:track)%00%(upstream:remotename)%00%(upstream:remoteref) refs/heads/main refs/remotes/main [2ms]
2025-12-08 17:06:30.567 [info] > git for-each-ref --sort -committerdate --format %(refname)%00%(objectname)%00%(*objectname) [1ms]
2025-12-08 17:06:30.573 [info] > git status -z -uall [10ms]
2025-12-08 17:06:41.120 [info] > git config --get commit.template [5ms]
2025-12-08 17:06:41.120 [info] > git for-each-ref --format=%(refname)%00%(upstream:short)%00%(objectname)%00%(upstream:track)%00%(upstream:remotename)%00%(upstream:remoteref) refs/heads/main refs/remotes/main [1ms]
2025-12-08 17:06:41.130 [info] > git for-each-ref --sort -committerdate --format %(refname)%00%(objectname)%00%(*objectname) [1ms]
2025-12-08 17:06:41.134 [info] > git status -z -uall [10ms]
2025-12-08 17:06:42.592 [info] > git show --textconv :waybar/style.css [5ms]
2025-12-08 17:06:42.592 [info] > git ls-files --stage -- waybar/style.css [2ms]
2025-12-08 17:06:42.596 [info] > git cat-file -s bcfcb5c869dc1f4f491e7086700d0ee0a860f1ed [1ms]
2025-12-08 17:06:42.618 [info] > git blame --root --incremental 528ef39c1541f318de813d63c5ffdfb2d4cfed0e -- waybar/style.css [2ms]
2025-12-08 17:06:46.164 [info] > git config --get commit.template [13ms]
2025-12-08 17:06:46.168 [info] > git for-each-ref --format=%(refname)%00%(upstream:short)%00%(objectname)%00%(upstream:track)%00%(upstream:remotename)%00%(upstream:remoteref) refs/heads/main refs/remotes/main [5ms]
2025-12-08 17:06:46.188 [info] > git for-each-ref --sort -committerdate --format %(refname)%00%(objectname)%00%(*objectname) [2ms]
2025-12-08 17:06:46.204 [info] > git status -z -uall [26ms]
2025-12-08 17:07:03.440 [info] > git config --get commit.template [6ms]
2025-12-08 17:07:03.441 [info] > git for-each-ref --format=%(refname)%00%(upstream:short)%00%(objectname)%00%(upstream:track)%00%(upstream:remotename)%00%(upstream:remoteref) refs/heads/main refs/remotes/main [2ms]
2025-12-08 17:07:03.450 [info] > git for-each-ref --sort -committerdate --format %(refname)%00%(objectname)%00%(*objectname) [1ms]
2025-12-08 17:07:03.459 [info] > git status -z -uall [14ms]
2025-12-08 17:07:23.874 [info] > git config --get commit.template [6ms]
2025-12-08 17:07:23.875 [info] > git for-each-ref --format=%(refname)%00%(upstream:short)%00%(objectname)%00%(upstream:track)%00%(upstream:remotename)%00%(upstream:remoteref) refs/heads/main refs/remotes/main [2ms]
2025-12-08 17:07:23.887 [info] > git for-each-ref --sort -committerdate --format %(refname)%00%(objectname)%00%(*objectname) [2ms]
2025-12-08 17:07:23.897 [info] > git status -z -uall [16ms]
2025-12-08 17:07:28.912 [info] > git config --get commit.template [4ms]
2025-12-08 17:07:28.912 [info] > git for-each-ref --format=%(refname)%00%(upstream:short)%00%(objectname)%00%(upstream:track)%00%(upstream:remotename)%00%(upstream:remoteref) refs/heads/main refs/remotes/main [1ms]
2025-12-08 17:07:28.919 [info] > git for-each-ref --sort -committerdate --format %(refname)%00%(objectname)%00%(*objectname) [2ms]
2025-12-08 17:07:28.927 [info] > git status -z -uall [12ms]
2025-12-08 17:07:37.375 [info] > git config --get commit.template [6ms]
2025-12-08 17:07:37.376 [info] > git for-each-ref --format=%(refname)%00%(upstream:short)%00%(objectname)%00%(upstream:track)%00%(upstream:remotename)%00%(upstream:remoteref) refs/heads/main refs/remotes/main [2ms]
2025-12-08 17:07:37.386 [info] > git for-each-ref --sort -committerdate --format %(refname)%00%(objectname)%00%(*objectname) [2ms]
2025-12-08 17:07:37.395 [info] > git status -z -uall [13ms]
