2025-12-09 17:19:38.164 [info] Reading sessions from keychain...
2025-12-09 17:19:38.164 [info] Getting sessions for all scopes...
2025-12-09 17:19:38.164 [info] Got 0 sessions for ...
2025-12-09 17:19:38.164 [info] Getting sessions for all scopes...
2025-12-09 17:19:38.164 [info] Got 0 sessions for ...
2025-12-09 17:19:38.164 [info] Getting sessions for all scopes...
2025-12-09 17:19:38.164 [info] Got 0 sessions for ...
2025-12-09 17:19:38.164 [info] Getting sessions for all scopes...
2025-12-09 17:19:38.164 [info] Got 0 sessions for ...
2025-12-09 17:19:38.164 [info] Getting sessions for all scopes...
2025-12-09 17:19:38.164 [info] Got 0 sessions for ...
2025-12-09 17:19:38.164 [info] Getting sessions for all scopes...
2025-12-09 17:19:38.164 [info] Got 0 sessions for ...
2025-12-09 17:19:38.164 [info] Getting sessions for all scopes...
2025-12-09 17:19:38.164 [info] Got 0 sessions for ...
2025-12-09 17:19:38.164 [info] Getting sessions for all scopes...
2025-12-09 17:19:38.164 [info] Got 0 sessions for ...
2025-12-09 17:19:38.164 [info] Getting sessions for all scopes...
2025-12-09 17:19:38.164 [info] Got 0 sessions for ...
2025-12-09 17:19:38.164 [info] Getting sessions for all scopes...
2025-12-09 17:19:38.164 [info] Got 0 sessions for ...
2025-12-09 17:19:38.164 [info] Getting sessions for all scopes...
2025-12-09 17:19:38.164 [info] Got 0 sessions for ...
2025-12-09 17:19:38.164 [info] Getting sessions for all scopes...
2025-12-09 17:19:38.164 [info] Got 0 sessions for ...
2025-12-09 17:19:38.164 [info] Getting sessions for all scopes...
2025-12-09 17:19:38.164 [info] Got 0 sessions for ...
2025-12-09 17:19:38.164 [info] Getting sessions for all scopes...
2025-12-09 17:19:38.164 [info] Got 0 sessions for ...
2025-12-09 17:19:38.164 [info] Getting sessions for all scopes...
2025-12-09 17:19:38.164 [info] Got 0 sessions for ...
2025-12-09 17:19:39.747 [info] Getting sessions for all scopes...
2025-12-09 17:19:39.747 [info] Got 0 sessions for ...
2025-12-09 17:19:56.692 [info] Reading sessions from keychain...
2025-12-09 17:19:56.692 [info] Getting sessions for all scopes...
2025-12-09 17:19:56.693 [info] Got 0 sessions for ...
2025-12-09 17:19:56.693 [info] Getting sessions for all scopes...
2025-12-09 17:19:56.693 [info] Got 0 sessions for ...
2025-12-09 17:19:56.693 [info] Getting sessions for all scopes...
2025-12-09 17:19:56.693 [info] Got 0 sessions for ...
2025-12-09 17:19:56.693 [info] Getting sessions for all scopes...
2025-12-09 17:19:56.693 [info] Got 0 sessions for ...
2025-12-09 17:19:56.693 [info] Getting sessions for all scopes...
2025-12-09 17:19:56.693 [info] Got 0 sessions for ...
2025-12-09 17:19:56.693 [info] Getting sessions for all scopes...
2025-12-09 17:19:56.693 [info] Got 0 sessions for ...
2025-12-09 17:19:56.693 [info] Getting sessions for all scopes...
2025-12-09 17:19:56.693 [info] Got 0 sessions for ...
2025-12-09 17:19:56.693 [info] Getting sessions for all scopes...
2025-12-09 17:19:56.693 [info] Got 0 sessions for ...
2025-12-09 17:19:56.693 [info] Getting sessions for all scopes...
2025-12-09 17:19:56.693 [info] Got 0 sessions for ...
2025-12-09 17:19:56.695 [info] Getting sessions for all scopes...
2025-12-09 17:19:56.695 [info] Got 0 sessions for ...
2025-12-09 17:19:56.695 [info] Getting sessions for all scopes...
2025-12-09 17:19:56.695 [info] Got 0 sessions for ...
2025-12-09 17:19:56.695 [info] Getting sessions for all scopes...
2025-12-09 17:19:56.695 [info] Got 0 sessions for ...
2025-12-09 17:19:56.695 [info] Getting sessions for all scopes...
2025-12-09 17:19:56.695 [info] Got 0 sessions for ...
2025-12-09 17:19:56.696 [info] Getting sessions for all scopes...
2025-12-09 17:19:56.696 [info] Got 0 sessions for ...
2025-12-09 17:19:56.696 [info] Getting sessions for all scopes...
2025-12-09 17:19:56.696 [info] Got 0 sessions for ...
2025-12-09 17:19:56.975 [info] Getting sessions for read:user,repo,user:email,workflow...
2025-12-09 17:19:56.975 [info] Got 0 sessions for read:user,repo,user:email,workflow...
2025-12-09 17:19:57.055 [info] Getting sessions for read:user,repo,user:email,workflow...
2025-12-09 17:19:57.055 [info] Got 0 sessions for read:user,repo,user:email,workflow...
2025-12-09 17:19:58.600 [info] Getting sessions for all scopes...
2025-12-09 17:19:58.600 [info] Got 0 sessions for ...
