2025-12-09 15:48:26.232 [info] Extension host with pid 5375 started
2025-12-09 15:48:26.232 [info] Skipping acquiring lock for /home/shane/.config/VSCodium/User/workspaceStorage/e3ecdb72886bbe7824b97bff763934ba.
2025-12-09 15:48:26.249 [info] ExtensionService#_doActivateExtension vscode.github-authentication, startup: false, activationEvent: 'onAuthenticationRequest:github'
2025-12-09 15:48:26.283 [info] ExtensionService#_doActivateExtension vscode.git-base, startup: true, activationEvent: '*', root cause: vscode.git
2025-12-09 15:48:26.287 [info] ExtensionService#_doActivateExtension vscode.git, startup: true, activationEvent: '*'
2025-12-09 15:48:26.331 [info] ExtensionService#_doActivateExtension vscode.github, startup: true, activationEvent: '*'
2025-12-09 15:48:26.417 [info] Eager extensions activated
2025-12-09 15:48:26.418 [info] ExtensionService#_doActivateExtension vscode.debug-auto-launch, startup: false, activationEvent: 'onStartupFinished'
2025-12-09 15:48:26.419 [info] ExtensionService#_doActivateExtension vscode.merge-conflict, startup: false, activationEvent: 'onStartupFinished'
2025-12-09 15:48:41.378 [info] Extension host terminating: renderer closed the MessagePort
2025-12-09 15:48:41.382 [info] Extension host with pid 5375 exiting with code 0
2025-12-09 15:48:42.380 [info] Extension host with pid 7636 started
2025-12-09 15:48:42.380 [info] Skipping acquiring lock for /home/shane/.config/VSCodium/User/workspaceStorage/ad8d9e0e60a1e35942ca464fd5a28946.
2025-12-09 15:48:42.539 [info] ExtensionService#_doActivateExtension vscode.github-authentication, startup: false, activationEvent: 'onAuthenticationRequest:github'
2025-12-09 15:48:42.565 [info] ExtensionService#_doActivateExtension vscode.emmet, startup: false, activationEvent: 'onLanguage'
2025-12-09 15:48:42.582 [info] ExtensionService#_doActivateExtension vscode.configuration-editing, startup: false, activationEvent: 'onLanguage:jsonc'
2025-12-09 15:48:42.591 [info] ExtensionService#_doActivateExtension vscode.json-language-features, startup: false, activationEvent: 'onLanguage:jsonc'
2025-12-09 15:48:42.652 [info] ExtensionService#_doActivateExtension vscode.typescript-language-features, startup: false, activationEvent: 'onLanguage:jsonc'
2025-12-09 15:48:42.963 [info] ExtensionService#_doActivateExtension vscode.git-base, startup: true, activationEvent: '*', root cause: vscode.git
2025-12-09 15:48:42.981 [info] ExtensionService#_doActivateExtension vscode.git, startup: true, activationEvent: '*'
2025-12-09 15:48:43.030 [info] ExtensionService#_doActivateExtension vscode.github, startup: true, activationEvent: '*'
2025-12-09 15:48:43.142 [info] Eager extensions activated
2025-12-09 15:48:43.146 [info] ExtensionService#_doActivateExtension vscode.debug-auto-launch, startup: false, activationEvent: 'onStartupFinished'
2025-12-09 15:48:43.148 [info] ExtensionService#_doActivateExtension vscode.merge-conflict, startup: false, activationEvent: 'onStartupFinished'
2025-12-09 15:49:40.594 [info] ExtensionService#_doActivateExtension vscode.css-language-features, startup: false, activationEvent: 'onLanguage:css'
2025-12-09 15:52:38.501 [info] Extension host terminating: renderer closed the MessagePort
2025-12-09 15:52:38.512 [info] Extension host with pid 7636 exiting with code 0
