2025-12-08 16:15:29.726 [info] [main] Log level: Info
2025-12-08 16:15:29.726 [info] [main] Validating found git in: "git"
2025-12-08 16:15:29.726 [info] [main] Using git "2.52.0" from "git"
2025-12-08 16:15:29.726 [info] [Model][doInitialScan] Initial repository scan started
2025-12-08 16:15:29.726 [info] > git rev-parse --show-toplevel [8ms]
2025-12-08 16:15:29.726 [info] > git rev-parse --git-dir --git-common-dir --show-superproject-working-tree [3ms]
2025-12-08 16:15:29.726 [info] [Model][openRepository] Opened repository (path): /home/shane/.config
2025-12-08 16:15:29.726 [info] [Model][openRepository] Opened repository (real path): /home/shane/.config
2025-12-08 16:15:29.726 [info] [Model][openRepository] Opened repository (kind): repository
2025-12-08 16:15:29.726 [info] > git rev-parse --show-toplevel [5ms]
2025-12-08 16:15:29.726 [info] > git config --get commit.template [8ms]
2025-12-08 16:15:29.726 [info] > git for-each-ref --format=%(refname)%00%(upstream:short)%00%(objectname)%00%(upstream:track)%00%(upstream:remotename)%00%(upstream:remoteref) refs/heads/main refs/remotes/main [7ms]
2025-12-08 16:15:29.726 [info] > git rev-parse --show-toplevel [11ms]
2025-12-08 16:15:29.747 [info] > git rev-parse --show-toplevel [18ms]
2025-12-08 16:15:29.761 [info] > git rev-parse --show-toplevel [7ms]
2025-12-08 16:15:29.765 [info] > git for-each-ref --sort -committerdate --format %(refname)%00%(objectname)%00%(*objectname) [5ms]
2025-12-08 16:15:29.766 [info] > git rev-parse --show-toplevel [2ms]
2025-12-08 16:15:29.770 [info] > git status -z -uall [13ms]
2025-12-08 16:15:29.770 [info] > git rev-parse --show-toplevel [1ms]
2025-12-08 16:15:29.805 [info] > git for-each-ref --format=%(refname)%00%(upstream:short)%00%(objectname)%00%(upstream:track)%00%(upstream:remotename)%00%(upstream:remoteref) refs/heads/main refs/remotes/main [15ms]
2025-12-08 16:15:29.810 [info] > git config --get --local branch.main.vscode-merge-base [2ms]
2025-12-08 16:15:29.813 [info] > git config --get commit.template [8ms]
2025-12-08 16:15:29.813 [info] > git rev-parse --show-toplevel [11ms]
2025-12-08 16:15:29.816 [info] > git for-each-ref --format=%(refname)%00%(upstream:short)%00%(objectname)%00%(upstream:track)%00%(upstream:remotename)%00%(upstream:remoteref) refs/heads/origin/main refs/remotes/origin/main [3ms]
2025-12-08 16:15:29.824 [info] > git rev-parse --show-toplevel [8ms]
2025-12-08 16:15:29.827 [info] > git merge-base refs/heads/main refs/remotes/origin/main [7ms]
2025-12-08 16:15:29.830 [info] > git rev-parse --show-toplevel [4ms]
2025-12-08 16:15:29.830 [info] > git for-each-ref --format=%(refname)%00%(upstream:short)%00%(objectname)%00%(upstream:track)%00%(upstream:remotename)%00%(upstream:remoteref) refs/heads/main refs/remotes/main [7ms]
2025-12-08 16:15:29.833 [info] > git diff --name-status -z --diff-filter=ADMR --find-renames=50% 96a9870d75918850e2e93e52335ee977f5c620d8...refs/remotes/origin/main -- [3ms]
2025-12-08 16:15:29.834 [info] > git rev-parse --show-toplevel [2ms]
2025-12-08 16:15:29.841 [info] > git for-each-ref --sort -committerdate --format %(refname)%00%(objectname)%00%(*objectname) [2ms]
2025-12-08 16:15:29.842 [info] > git rev-parse --show-toplevel [1ms]
2025-12-08 16:15:29.845 [info] > git status -z -uall [9ms]
2025-12-08 16:15:29.845 [info] > git rev-parse --show-toplevel [1ms]
2025-12-08 16:15:29.852 [info] > git rev-parse --show-toplevel [5ms]
2025-12-08 16:15:29.856 [info] > git rev-parse --show-toplevel [1ms]
2025-12-08 16:15:29.859 [info] > git rev-parse --show-toplevel [1ms]
2025-12-08 16:15:29.862 [info] > git rev-parse --show-toplevel [1ms]
2025-12-08 16:15:29.862 [info] [Model][doInitialScan] Initial repository scan completed - repositories (1), closed repositories (0), parent repositories (0), unsafe repositories (0)
2025-12-08 16:15:30.224 [info] > git check-ignore -v -z --stdin [2ms]
2025-12-08 16:15:32.695 [info] > git config --get commit.template [13ms]
2025-12-08 16:15:32.699 [info] > git for-each-ref --format=%(refname)%00%(upstream:short)%00%(objectname)%00%(upstream:track)%00%(upstream:remotename)%00%(upstream:remoteref) refs/heads/main refs/remotes/main [6ms]
2025-12-08 16:15:32.732 [info] > git for-each-ref --sort -committerdate --format %(refname)%00%(objectname)%00%(*objectname) [12ms]
2025-12-08 16:15:32.748 [info] > git status -z -uall [38ms]
2025-12-08 16:15:36.471 [info] > git show --textconv :waybar/config.jsonc [4ms]
2025-12-08 16:15:36.472 [info] > git ls-files --stage -- waybar/config.jsonc [2ms]
2025-12-08 16:15:36.476 [info] > git cat-file -s ec6d0494286913f8af1c3b572c2bad1bc5998c6b [1ms]
2025-12-08 16:15:36.504 [info] > git blame --root --incremental 96a9870d75918850e2e93e52335ee977f5c620d8 -- waybar/config.jsonc [3ms]
2025-12-08 16:15:37.761 [info] > git config --get commit.template [4ms]
2025-12-08 16:15:37.762 [info] > git for-each-ref --format=%(refname)%00%(upstream:short)%00%(objectname)%00%(upstream:track)%00%(upstream:remotename)%00%(upstream:remoteref) refs/heads/main refs/remotes/main [1ms]
2025-12-08 16:15:37.771 [info] > git for-each-ref --sort -committerdate --format %(refname)%00%(objectname)%00%(*objectname) [2ms]
2025-12-08 16:15:37.777 [info] > git status -z -uall [10ms]
2025-12-08 16:15:42.807 [info] > git config --get commit.template [13ms]
2025-12-08 16:15:42.810 [info] > git for-each-ref --format=%(refname)%00%(upstream:short)%00%(objectname)%00%(upstream:track)%00%(upstream:remotename)%00%(upstream:remoteref) refs/heads/main refs/remotes/main [5ms]
2025-12-08 16:15:42.834 [info] > git for-each-ref --sort -committerdate --format %(refname)%00%(objectname)%00%(*objectname) [3ms]
2025-12-08 16:15:42.846 [info] > git status -z -uall [25ms]
2025-12-08 16:15:47.861 [info] > git config --get commit.template [3ms]
2025-12-08 16:15:47.861 [info] > git for-each-ref --format=%(refname)%00%(upstream:short)%00%(objectname)%00%(upstream:track)%00%(upstream:remotename)%00%(upstream:remoteref) refs/heads/main refs/remotes/main [1ms]
2025-12-08 16:15:47.868 [info] > git for-each-ref --sort -committerdate --format %(refname)%00%(objectname)%00%(*objectname) [1ms]
2025-12-08 16:15:47.873 [info] > git status -z -uall [9ms]
2025-12-08 16:15:52.887 [info] > git config --get commit.template [3ms]
2025-12-08 16:15:52.887 [info] > git for-each-ref --format=%(refname)%00%(upstream:short)%00%(objectname)%00%(upstream:track)%00%(upstream:remotename)%00%(upstream:remoteref) refs/heads/main refs/remotes/main [0ms]
2025-12-08 16:15:52.895 [info] > git for-each-ref --sort -committerdate --format %(refname)%00%(objectname)%00%(*objectname) [1ms]
2025-12-08 16:15:52.900 [info] > git status -z -uall [9ms]
2025-12-08 16:15:57.914 [info] > git config --get commit.template [3ms]
2025-12-08 16:15:57.914 [info] > git for-each-ref --format=%(refname)%00%(upstream:short)%00%(objectname)%00%(upstream:track)%00%(upstream:remotename)%00%(upstream:remoteref) refs/heads/main refs/remotes/main [1ms]
2025-12-08 16:15:57.921 [info] > git for-each-ref --sort -committerdate --format %(refname)%00%(objectname)%00%(*objectname) [1ms]
2025-12-08 16:15:57.927 [info] > git status -z -uall [10ms]
2025-12-08 16:16:02.940 [info] > git config --get commit.template [3ms]
2025-12-08 16:16:02.940 [info] > git for-each-ref --format=%(refname)%00%(upstream:short)%00%(objectname)%00%(upstream:track)%00%(upstream:remotename)%00%(upstream:remoteref) refs/heads/main refs/remotes/main [1ms]
2025-12-08 16:16:02.947 [info] > git for-each-ref --sort -committerdate --format %(refname)%00%(objectname)%00%(*objectname) [1ms]
2025-12-08 16:16:02.952 [info] > git status -z -uall [9ms]
2025-12-08 16:16:07.964 [info] > git config --get commit.template [3ms]
2025-12-08 16:16:07.965 [info] > git for-each-ref --format=%(refname)%00%(upstream:short)%00%(objectname)%00%(upstream:track)%00%(upstream:remotename)%00%(upstream:remoteref) refs/heads/main refs/remotes/main [1ms]
2025-12-08 16:16:07.971 [info] > git for-each-ref --sort -committerdate --format %(refname)%00%(objectname)%00%(*objectname) [1ms]
2025-12-08 16:16:07.977 [info] > git status -z -uall [9ms]
2025-12-08 16:16:12.995 [info] > git config --get commit.template [3ms]
2025-12-08 16:16:12.996 [info] > git for-each-ref --format=%(refname)%00%(upstream:short)%00%(objectname)%00%(upstream:track)%00%(upstream:remotename)%00%(upstream:remoteref) refs/heads/main refs/remotes/main [1ms]
2025-12-08 16:16:13.002 [info] > git for-each-ref --sort -committerdate --format %(refname)%00%(objectname)%00%(*objectname) [1ms]
2025-12-08 16:16:13.008 [info] > git status -z -uall [9ms]
2025-12-08 16:16:18.024 [info] > git config --get commit.template [3ms]
2025-12-08 16:16:18.025 [info] > git for-each-ref --format=%(refname)%00%(upstream:short)%00%(objectname)%00%(upstream:track)%00%(upstream:remotename)%00%(upstream:remoteref) refs/heads/main refs/remotes/main [1ms]
2025-12-08 16:16:18.031 [info] > git for-each-ref --sort -committerdate --format %(refname)%00%(objectname)%00%(*objectname) [1ms]
2025-12-08 16:16:18.037 [info] > git status -z -uall [10ms]
2025-12-08 16:16:23.058 [info] > git config --get commit.template [4ms]
2025-12-08 16:16:23.059 [info] > git for-each-ref --format=%(refname)%00%(upstream:short)%00%(objectname)%00%(upstream:track)%00%(upstream:remotename)%00%(upstream:remoteref) refs/heads/main refs/remotes/main [1ms]
2025-12-08 16:16:23.066 [info] > git for-each-ref --sort -committerdate --format %(refname)%00%(objectname)%00%(*objectname) [1ms]
2025-12-08 16:16:23.072 [info] > git status -z -uall [10ms]
2025-12-08 16:16:28.997 [info] > git config --get commit.template [3ms]
2025-12-08 16:16:28.998 [info] > git for-each-ref --format=%(refname)%00%(upstream:short)%00%(objectname)%00%(upstream:track)%00%(upstream:remotename)%00%(upstream:remoteref) refs/heads/main refs/remotes/main [1ms]
2025-12-08 16:16:29.004 [info] > git for-each-ref --sort -committerdate --format %(refname)%00%(objectname)%00%(*objectname) [1ms]
2025-12-08 16:16:29.010 [info] > git status -z -uall [9ms]
2025-12-08 16:16:39.150 [info] > git config --get commit.template [4ms]
2025-12-08 16:16:39.151 [info] > git for-each-ref --format=%(refname)%00%(upstream:short)%00%(objectname)%00%(upstream:track)%00%(upstream:remotename)%00%(upstream:remoteref) refs/heads/main refs/remotes/main [1ms]
2025-12-08 16:16:39.158 [info] > git for-each-ref --sort -committerdate --format %(refname)%00%(objectname)%00%(*objectname) [2ms]
2025-12-08 16:16:39.166 [info] > git status -z -uall [12ms]
2025-12-08 16:16:44.179 [info] > git config --get commit.template [3ms]
2025-12-08 16:16:44.180 [info] > git for-each-ref --format=%(refname)%00%(upstream:short)%00%(objectname)%00%(upstream:track)%00%(upstream:remotename)%00%(upstream:remoteref) refs/heads/main refs/remotes/main [1ms]
2025-12-08 16:16:44.188 [info] > git for-each-ref --sort -committerdate --format %(refname)%00%(objectname)%00%(*objectname) [1ms]
2025-12-08 16:16:44.197 [info] > git status -z -uall [13ms]
2025-12-08 16:16:49.210 [info] > git config --get commit.template [3ms]
2025-12-08 16:16:49.211 [info] > git for-each-ref --format=%(refname)%00%(upstream:short)%00%(objectname)%00%(upstream:track)%00%(upstream:remotename)%00%(upstream:remoteref) refs/heads/main refs/remotes/main [1ms]
2025-12-08 16:16:49.218 [info] > git for-each-ref --sort -committerdate --format %(refname)%00%(objectname)%00%(*objectname) [2ms]
2025-12-08 16:16:49.226 [info] > git status -z -uall [12ms]
2025-12-08 16:17:07.375 [info] > git config --get commit.template [4ms]
2025-12-08 16:17:07.376 [info] > git for-each-ref --format=%(refname)%00%(upstream:short)%00%(objectname)%00%(upstream:track)%00%(upstream:remotename)%00%(upstream:remoteref) refs/heads/main refs/remotes/main [1ms]
2025-12-08 16:17:07.382 [info] > git for-each-ref --sort -committerdate --format %(refname)%00%(objectname)%00%(*objectname) [1ms]
2025-12-08 16:17:07.390 [info] > git status -z -uall [12ms]
2025-12-08 16:17:12.403 [info] > git config --get commit.template [3ms]
2025-12-08 16:17:12.404 [info] > git for-each-ref --format=%(refname)%00%(upstream:short)%00%(objectname)%00%(upstream:track)%00%(upstream:remotename)%00%(upstream:remoteref) refs/heads/main refs/remotes/main [2ms]
2025-12-08 16:17:12.410 [info] > git for-each-ref --sort -committerdate --format %(refname)%00%(objectname)%00%(*objectname) [1ms]
2025-12-08 16:17:12.418 [info] > git status -z -uall [12ms]
2025-12-08 16:18:09.087 [info] > git config --get commit.template [5ms]
2025-12-08 16:18:09.088 [info] > git for-each-ref --format=%(refname)%00%(upstream:short)%00%(objectname)%00%(upstream:track)%00%(upstream:remotename)%00%(upstream:remoteref) refs/heads/main refs/remotes/main [1ms]
2025-12-08 16:18:09.098 [info] > git status -z -uall [6ms]
2025-12-08 16:18:09.102 [info] > git for-each-ref --sort -committerdate --format %(refname)%00%(objectname)%00%(*objectname) [5ms]
2025-12-08 16:18:09.115 [info] > git blame --root --incremental a1c4695f0669e47621556c506c9c10f168e3c5c5 -- waybar/config.jsonc [7ms]
2025-12-08 16:18:09.115 [info] > git ls-files --stage -- waybar/config.jsonc [13ms]
2025-12-08 16:18:09.119 [info] > git merge-base refs/heads/main refs/remotes/origin/main [6ms]
2025-12-08 16:18:09.124 [info] > git diff --name-status -z --diff-filter=ADMR --find-renames=50% a1c4695f0669e47621556c506c9c10f168e3c5c5...refs/remotes/origin/main -- [1ms]
2025-12-08 16:18:09.125 [info] > git cat-file -s dfa4b8235e8925f6f158cab918d873056a8263d4 [7ms]
2025-12-08 16:18:09.133 [info] > git show --textconv :waybar/config.jsonc [1ms]
2025-12-08 16:18:14.131 [info] > git config --get commit.template [4ms]
2025-12-08 16:18:14.131 [info] > git for-each-ref --format=%(refname)%00%(upstream:short)%00%(objectname)%00%(upstream:track)%00%(upstream:remotename)%00%(upstream:remoteref) refs/heads/main refs/remotes/main [1ms]
2025-12-08 16:18:14.137 [info] > git status -z -uall [3ms]
2025-12-08 16:18:14.138 [info] > git for-each-ref --sort -committerdate --format %(refname)%00%(objectname)%00%(*objectname) [2ms]
2025-12-08 16:18:49.760 [info] > git config --get commit.template [3ms]
2025-12-08 16:18:49.761 [info] > git for-each-ref --format=%(refname)%00%(upstream:short)%00%(objectname)%00%(upstream:track)%00%(upstream:remotename)%00%(upstream:remoteref) refs/heads/main refs/remotes/main [1ms]
2025-12-08 16:18:49.767 [info] > git status -z -uall [3ms]
2025-12-08 16:18:49.767 [info] > git for-each-ref --sort -committerdate --format %(refname)%00%(objectname)%00%(*objectname) [1ms]
2025-12-08 16:19:19.698 [info] > git config --get commit.template [4ms]
2025-12-08 16:19:19.702 [info] > git for-each-ref --format=%(refname)%00%(upstream:short)%00%(objectname)%00%(upstream:track)%00%(upstream:remotename)%00%(upstream:remoteref) refs/heads/main refs/remotes/main [5ms]
2025-12-08 16:19:19.709 [info] > git ls-files --stage -- waybar/config.jsonc [8ms]
2025-12-08 16:19:19.713 [info] > git status -z -uall [6ms]
2025-12-08 16:19:19.713 [info] > git for-each-ref --sort -committerdate --format %(refname)%00%(objectname)%00%(*objectname) [4ms]
2025-12-08 16:19:19.723 [info] > git blame --root --incremental e156d4c8dbb6ef23ae90a9b2dc9f083b86119815 -- waybar/config.jsonc [4ms]
2025-12-08 16:19:19.724 [info] > git cat-file -s a1f8fbcfb8f135b724a334879c34b8f3e40f4b35 [12ms]
2025-12-08 16:19:19.724 [info] > git merge-base refs/heads/main refs/remotes/origin/main [2ms]
2025-12-08 16:19:19.729 [info] > git diff --name-status -z --diff-filter=ADMR --find-renames=50% e156d4c8dbb6ef23ae90a9b2dc9f083b86119815...refs/remotes/origin/main -- [1ms]
2025-12-08 16:19:19.740 [info] > git show --textconv :waybar/config.jsonc [2ms]
2025-12-08 16:19:27.563 [info] > git config --get commit.template [1ms]
2025-12-08 16:19:27.568 [info] > git for-each-ref --format=%(refname)%00%(upstream:short)%00%(objectname)%00%(upstream:track)%00%(upstream:remotename)%00%(upstream:remoteref) refs/heads/main refs/remotes/main [1ms]
2025-12-08 16:19:27.577 [info] > git status -z -uall [5ms]
2025-12-08 16:19:27.577 [info] > git for-each-ref --sort -committerdate --format %(refname)%00%(objectname)%00%(*objectname) [1ms]
2025-12-08 16:23:22.481 [info] > git config --get commit.template [10ms]
2025-12-08 16:23:22.488 [info] > git for-each-ref --format=%(refname)%00%(upstream:short)%00%(objectname)%00%(upstream:track)%00%(upstream:remotename)%00%(upstream:remoteref) refs/heads/main refs/remotes/main [9ms]
2025-12-08 16:23:22.489 [info] > git ls-files --stage -- waybar/config.jsonc [2ms]
2025-12-08 16:23:22.503 [info] > git status -z -uall [5ms]
2025-12-08 16:23:22.503 [info] > git cat-file -s a1f8fbcfb8f135b724a334879c34b8f3e40f4b35 [10ms]
2025-12-08 16:23:22.504 [info] > git for-each-ref --sort -committerdate --format %(refname)%00%(objectname)%00%(*objectname) [2ms]
2025-12-08 16:23:22.516 [info] > git blame --root --incremental 67a634669cf9717b89718956493ed0909b0a0a32 -- waybar/config.jsonc [6ms]
2025-12-08 16:23:22.521 [info] > git merge-base refs/heads/main refs/remotes/origin/main [6ms]
2025-12-08 16:23:22.524 [info] > git show --textconv :waybar/config.jsonc [5ms]
2025-12-08 16:23:22.526 [info] > git diff --name-status -z --diff-filter=ADMR --find-renames=50% 67a634669cf9717b89718956493ed0909b0a0a32...refs/remotes/origin/main -- [2ms]
2025-12-08 16:26:53.346 [info] > git config --get commit.template [5ms]
2025-12-08 16:26:53.347 [info] > git for-each-ref --format=%(refname)%00%(upstream:short)%00%(objectname)%00%(upstream:track)%00%(upstream:remotename)%00%(upstream:remoteref) refs/heads/main refs/remotes/main [1ms]
2025-12-08 16:26:53.358 [info] > git for-each-ref --sort -committerdate --format %(refname)%00%(objectname)%00%(*objectname) [2ms]
2025-12-08 16:26:53.359 [info] > git status -z -uall [7ms]
2025-12-08 16:26:57.709 [info] > git check-ignore -v -z --stdin [1ms]
2025-12-08 16:26:58.372 [info] > git config --get commit.template [3ms]
2025-12-08 16:26:58.372 [info] > git for-each-ref --format=%(refname)%00%(upstream:short)%00%(objectname)%00%(upstream:track)%00%(upstream:remotename)%00%(upstream:remoteref) refs/heads/main refs/remotes/main [1ms]
2025-12-08 16:26:58.379 [info] > git for-each-ref --sort -committerdate --format %(refname)%00%(objectname)%00%(*objectname) [2ms]
2025-12-08 16:26:58.381 [info] > git status -z -uall [6ms]
2025-12-08 16:27:00.029 [info] > git show --textconv :hypr/hyprland.conf [13ms]
2025-12-08 16:27:00.032 [info] > git ls-files --stage -- hypr/hyprland.conf [4ms]
2025-12-08 16:27:00.049 [info] > git cat-file -s 3cb0119990f916ee9b06a0540bddb20b0157ced8 [6ms]
2025-12-08 16:27:03.393 [info] > git config --get commit.template [3ms]
2025-12-08 16:27:03.394 [info] > git for-each-ref --format=%(refname)%00%(upstream:short)%00%(objectname)%00%(upstream:track)%00%(upstream:remotename)%00%(upstream:remoteref) refs/heads/main refs/remotes/main [1ms]
2025-12-08 16:27:03.400 [info] > git for-each-ref --sort -committerdate --format %(refname)%00%(objectname)%00%(*objectname) [1ms]
2025-12-08 16:27:03.402 [info] > git status -z -uall [6ms]
2025-12-08 16:27:08.411 [info] > git config --get commit.template [2ms]
2025-12-08 16:27:08.415 [info] > git for-each-ref --format=%(refname)%00%(upstream:short)%00%(objectname)%00%(upstream:track)%00%(upstream:remotename)%00%(upstream:remoteref) refs/heads/main refs/remotes/main [1ms]
2025-12-08 16:27:08.424 [info] > git for-each-ref --sort -committerdate --format %(refname)%00%(objectname)%00%(*objectname) [1ms]
2025-12-08 16:27:08.425 [info] > git status -z -uall [6ms]
2025-12-08 16:27:14.842 [info] > git config --get commit.template [15ms]
2025-12-08 16:27:14.845 [info] > git for-each-ref --format=%(refname)%00%(upstream:short)%00%(objectname)%00%(upstream:track)%00%(upstream:remotename)%00%(upstream:remoteref) refs/heads/main refs/remotes/main [6ms]
2025-12-08 16:27:14.866 [info] > git for-each-ref --sort -committerdate --format %(refname)%00%(objectname)%00%(*objectname) [3ms]
2025-12-08 16:27:14.869 [info] > git status -z -uall [13ms]
2025-12-08 16:28:23.072 [info] > git config --get commit.template [6ms]
2025-12-08 16:28:23.073 [info] > git for-each-ref --format=%(refname)%00%(upstream:short)%00%(objectname)%00%(upstream:track)%00%(upstream:remotename)%00%(upstream:remoteref) refs/heads/main refs/remotes/main [3ms]
2025-12-08 16:28:23.081 [info] > git for-each-ref --sort -committerdate --format %(refname)%00%(objectname)%00%(*objectname) [2ms]
2025-12-08 16:28:23.084 [info] > git status -z -uall [8ms]
2025-12-08 16:28:24.730 [info] > git blame --root --incremental 67a634669cf9717b89718956493ed0909b0a0a32 -- hypr/hyprland.conf [2ms]
2025-12-08 16:28:28.111 [info] > git config --get commit.template [13ms]
2025-12-08 16:28:28.115 [info] > git for-each-ref --format=%(refname)%00%(upstream:short)%00%(objectname)%00%(upstream:track)%00%(upstream:remotename)%00%(upstream:remoteref) refs/heads/main refs/remotes/main [4ms]
2025-12-08 16:28:28.141 [info] > git for-each-ref --sort -committerdate --format %(refname)%00%(objectname)%00%(*objectname) [5ms]
2025-12-08 16:28:28.149 [info] > git status -z -uall [22ms]
2025-12-08 16:28:33.177 [info] > git config --get commit.template [11ms]
2025-12-08 16:28:33.181 [info] > git for-each-ref --format=%(refname)%00%(upstream:short)%00%(objectname)%00%(upstream:track)%00%(upstream:remotename)%00%(upstream:remoteref) refs/heads/main refs/remotes/main [5ms]
2025-12-08 16:28:33.196 [info] > git for-each-ref --sort -committerdate --format %(refname)%00%(objectname)%00%(*objectname) [1ms]
2025-12-08 16:28:33.198 [info] > git status -z -uall [7ms]
2025-12-08 16:28:38.212 [info] > git config --get commit.template [4ms]
2025-12-08 16:28:38.212 [info] > git for-each-ref --format=%(refname)%00%(upstream:short)%00%(objectname)%00%(upstream:track)%00%(upstream:remotename)%00%(upstream:remoteref) refs/heads/main refs/remotes/main [1ms]
2025-12-08 16:28:38.218 [info] > git for-each-ref --sort -committerdate --format %(refname)%00%(objectname)%00%(*objectname) [1ms]
2025-12-08 16:28:38.221 [info] > git status -z -uall [6ms]
2025-12-08 16:28:43.233 [info] > git config --get commit.template [3ms]
2025-12-08 16:28:43.234 [info] > git for-each-ref --format=%(refname)%00%(upstream:short)%00%(objectname)%00%(upstream:track)%00%(upstream:remotename)%00%(upstream:remoteref) refs/heads/main refs/remotes/main [1ms]
2025-12-08 16:28:43.240 [info] > git for-each-ref --sort -committerdate --format %(refname)%00%(objectname)%00%(*objectname) [1ms]
2025-12-08 16:28:43.242 [info] > git status -z -uall [5ms]
2025-12-08 16:28:48.252 [info] > git config --get commit.template [3ms]
2025-12-08 16:28:48.253 [info] > git for-each-ref --format=%(refname)%00%(upstream:short)%00%(objectname)%00%(upstream:track)%00%(upstream:remotename)%00%(upstream:remoteref) refs/heads/main refs/remotes/main [2ms]
2025-12-08 16:28:48.259 [info] > git for-each-ref --sort -committerdate --format %(refname)%00%(objectname)%00%(*objectname) [1ms]
2025-12-08 16:28:48.261 [info] > git status -z -uall [5ms]
2025-12-08 16:28:53.280 [info] > git config --get commit.template [4ms]
2025-12-08 16:28:53.280 [info] > git for-each-ref --format=%(refname)%00%(upstream:short)%00%(objectname)%00%(upstream:track)%00%(upstream:remotename)%00%(upstream:remoteref) refs/heads/main refs/remotes/main [1ms]
2025-12-08 16:28:53.286 [info] > git for-each-ref --sort -committerdate --format %(refname)%00%(objectname)%00%(*objectname) [1ms]
2025-12-08 16:28:53.288 [info] > git status -z -uall [5ms]
2025-12-08 16:28:58.888 [info] > git config --get commit.template [3ms]
2025-12-08 16:28:58.889 [info] > git for-each-ref --format=%(refname)%00%(upstream:short)%00%(objectname)%00%(upstream:track)%00%(upstream:remotename)%00%(upstream:remoteref) refs/heads/main refs/remotes/main [2ms]
2025-12-08 16:28:58.895 [info] > git for-each-ref --sort -committerdate --format %(refname)%00%(objectname)%00%(*objectname) [1ms]
2025-12-08 16:28:58.898 [info] > git status -z -uall [6ms]
2025-12-08 16:29:03.916 [info] > git config --get commit.template [4ms]
2025-12-08 16:29:03.917 [info] > git for-each-ref --format=%(refname)%00%(upstream:short)%00%(objectname)%00%(upstream:track)%00%(upstream:remotename)%00%(upstream:remoteref) refs/heads/main refs/remotes/main [1ms]
2025-12-08 16:29:03.923 [info] > git for-each-ref --sort -committerdate --format %(refname)%00%(objectname)%00%(*objectname) [1ms]
2025-12-08 16:29:03.925 [info] > git status -z -uall [6ms]
2025-12-08 16:29:12.988 [info] > git config --get commit.template [4ms]
2025-12-08 16:29:12.989 [info] > git for-each-ref --format=%(refname)%00%(upstream:short)%00%(objectname)%00%(upstream:track)%00%(upstream:remotename)%00%(upstream:remoteref) refs/heads/main refs/remotes/main [2ms]
2025-12-08 16:29:12.997 [info] > git for-each-ref --sort -committerdate --format %(refname)%00%(objectname)%00%(*objectname) [1ms]
2025-12-08 16:29:12.999 [info] > git status -z -uall [6ms]
2025-12-08 16:32:18.938 [info] > git config --get commit.template [1ms]
2025-12-08 16:32:18.943 [info] > git for-each-ref --format=%(refname)%00%(upstream:short)%00%(objectname)%00%(upstream:track)%00%(upstream:remotename)%00%(upstream:remoteref) refs/heads/main refs/remotes/main [1ms]
2025-12-08 16:32:18.952 [info] > git for-each-ref --sort -committerdate --format %(refname)%00%(objectname)%00%(*objectname) [2ms]
2025-12-08 16:32:18.954 [info] > git status -z -uall [8ms]
2025-12-08 16:32:23.966 [info] > git config --get commit.template [5ms]
2025-12-08 16:32:23.967 [info] > git for-each-ref --format=%(refname)%00%(upstream:short)%00%(objectname)%00%(upstream:track)%00%(upstream:remotename)%00%(upstream:remoteref) refs/heads/main refs/remotes/main [2ms]
2025-12-08 16:32:23.974 [info] > git for-each-ref --sort -committerdate --format %(refname)%00%(objectname)%00%(*objectname) [1ms]
2025-12-08 16:32:23.977 [info] > git status -z -uall [7ms]
2025-12-08 16:32:29.866 [info] > git config --get commit.template [5ms]
2025-12-08 16:32:29.867 [info] > git for-each-ref --format=%(refname)%00%(upstream:short)%00%(objectname)%00%(upstream:track)%00%(upstream:remotename)%00%(upstream:remoteref) refs/heads/main refs/remotes/main [1ms]
2025-12-08 16:32:29.877 [info] > git for-each-ref --sort -committerdate --format %(refname)%00%(objectname)%00%(*objectname) [2ms]
2025-12-08 16:32:29.879 [info] > git status -z -uall [8ms]
2025-12-08 16:32:38.461 [info] > git config --get commit.template [3ms]
2025-12-08 16:32:38.462 [info] > git for-each-ref --format=%(refname)%00%(upstream:short)%00%(objectname)%00%(upstream:track)%00%(upstream:remotename)%00%(upstream:remoteref) refs/heads/main refs/remotes/main [1ms]
2025-12-08 16:32:38.468 [info] > git for-each-ref --sort -committerdate --format %(refname)%00%(objectname)%00%(*objectname) [1ms]
2025-12-08 16:32:38.470 [info] > git status -z -uall [6ms]
2025-12-08 16:32:49.681 [info] > git config --get commit.template [3ms]
2025-12-08 16:32:49.682 [info] > git for-each-ref --format=%(refname)%00%(upstream:short)%00%(objectname)%00%(upstream:track)%00%(upstream:remotename)%00%(upstream:remoteref) refs/heads/main refs/remotes/main [2ms]
2025-12-08 16:32:49.688 [info] > git for-each-ref --sort -committerdate --format %(refname)%00%(objectname)%00%(*objectname) [1ms]
2025-12-08 16:32:49.691 [info] > git status -z -uall [7ms]
2025-12-08 16:33:00.725 [info] > git config --get commit.template [4ms]
2025-12-08 16:33:00.726 [info] > git for-each-ref --format=%(refname)%00%(upstream:short)%00%(objectname)%00%(upstream:track)%00%(upstream:remotename)%00%(upstream:remoteref) refs/heads/main refs/remotes/main [1ms]
2025-12-08 16:33:00.733 [info] > git for-each-ref --sort -committerdate --format %(refname)%00%(objectname)%00%(*objectname) [1ms]
2025-12-08 16:33:00.735 [info] > git status -z -uall [6ms]
2025-12-08 16:33:07.112 [info] > git config --get commit.template [5ms]
2025-12-08 16:33:07.113 [info] > git for-each-ref --format=%(refname)%00%(upstream:short)%00%(objectname)%00%(upstream:track)%00%(upstream:remotename)%00%(upstream:remoteref) refs/heads/main refs/remotes/main [2ms]
2025-12-08 16:33:07.122 [info] > git for-each-ref --sort -committerdate --format %(refname)%00%(objectname)%00%(*objectname) [2ms]
2025-12-08 16:33:07.125 [info] > git status -z -uall [7ms]
2025-12-08 16:33:12.137 [info] > git config --get commit.template [3ms]
2025-12-08 16:33:12.138 [info] > git for-each-ref --format=%(refname)%00%(upstream:short)%00%(objectname)%00%(upstream:track)%00%(upstream:remotename)%00%(upstream:remoteref) refs/heads/main refs/remotes/main [2ms]
2025-12-08 16:33:12.144 [info] > git for-each-ref --sort -committerdate --format %(refname)%00%(objectname)%00%(*objectname) [1ms]
2025-12-08 16:33:12.147 [info] > git status -z -uall [6ms]
2025-12-08 16:33:20.631 [info] > git config --get commit.template [1ms]
2025-12-08 16:33:20.636 [info] > git for-each-ref --format=%(refname)%00%(upstream:short)%00%(objectname)%00%(upstream:track)%00%(upstream:remotename)%00%(upstream:remoteref) refs/heads/main refs/remotes/main [1ms]
2025-12-08 16:33:20.645 [info] > git for-each-ref --sort -committerdate --format %(refname)%00%(objectname)%00%(*objectname) [1ms]
2025-12-08 16:33:20.646 [info] > git status -z -uall [6ms]
2025-12-08 16:33:25.659 [info] > git config --get commit.template [3ms]
2025-12-08 16:33:25.660 [info] > git for-each-ref --format=%(refname)%00%(upstream:short)%00%(objectname)%00%(upstream:track)%00%(upstream:remotename)%00%(upstream:remoteref) refs/heads/main refs/remotes/main [1ms]
2025-12-08 16:33:25.666 [info] > git for-each-ref --sort -committerdate --format %(refname)%00%(objectname)%00%(*objectname) [1ms]
2025-12-08 16:33:25.668 [info] > git status -z -uall [6ms]
2025-12-08 16:33:30.677 [info] > git config --get commit.template [3ms]
2025-12-08 16:33:30.678 [info] > git for-each-ref --format=%(refname)%00%(upstream:short)%00%(objectname)%00%(upstream:track)%00%(upstream:remotename)%00%(upstream:remoteref) refs/heads/main refs/remotes/main [1ms]
2025-12-08 16:33:30.687 [info] > git for-each-ref --sort -committerdate --format %(refname)%00%(objectname)%00%(*objectname) [2ms]
2025-12-08 16:33:30.689 [info] > git status -z -uall [8ms]
2025-12-08 16:33:37.064 [info] > git config --get commit.template [11ms]
2025-12-08 16:33:37.064 [info] > git for-each-ref --format=%(refname)%00%(upstream:short)%00%(objectname)%00%(upstream:track)%00%(upstream:remotename)%00%(upstream:remoteref) refs/heads/main refs/remotes/main [2ms]
2025-12-08 16:33:37.077 [info] > git for-each-ref --sort -committerdate --format %(refname)%00%(objectname)%00%(*objectname) [2ms]
2025-12-08 16:33:37.079 [info] > git status -z -uall [9ms]
2025-12-08 16:33:42.100 [info] > git config --get commit.template [4ms]
2025-12-08 16:33:42.100 [info] > git for-each-ref --format=%(refname)%00%(upstream:short)%00%(objectname)%00%(upstream:track)%00%(upstream:remotename)%00%(upstream:remoteref) refs/heads/main refs/remotes/main [1ms]
2025-12-08 16:33:42.107 [info] > git for-each-ref --sort -committerdate --format %(refname)%00%(objectname)%00%(*objectname) [1ms]
2025-12-08 16:33:42.109 [info] > git status -z -uall [6ms]
2025-12-08 16:33:52.347 [info] > git config --get commit.template [2ms]
2025-12-08 16:33:52.348 [info] > git for-each-ref --format=%(refname)%00%(upstream:short)%00%(objectname)%00%(upstream:track)%00%(upstream:remotename)%00%(upstream:remoteref) refs/heads/main refs/remotes/main [1ms]
2025-12-08 16:33:52.354 [info] > git for-each-ref --sort -committerdate --format %(refname)%00%(objectname)%00%(*objectname) [1ms]
2025-12-08 16:33:52.357 [info] > git status -z -uall [6ms]
2025-12-08 16:34:03.054 [info] > git config --get commit.template [5ms]
2025-12-08 16:34:03.054 [info] > git for-each-ref --format=%(refname)%00%(upstream:short)%00%(objectname)%00%(upstream:track)%00%(upstream:remotename)%00%(upstream:remoteref) refs/heads/main refs/remotes/main [1ms]
2025-12-08 16:34:03.064 [info] > git for-each-ref --sort -committerdate --format %(refname)%00%(objectname)%00%(*objectname) [1ms]
2025-12-08 16:34:03.067 [info] > git status -z -uall [8ms]
2025-12-08 16:34:08.101 [info] > git config --get commit.template [14ms]
2025-12-08 16:34:08.103 [info] > git for-each-ref --format=%(refname)%00%(upstream:short)%00%(objectname)%00%(upstream:track)%00%(upstream:remotename)%00%(upstream:remoteref) refs/heads/main refs/remotes/main [4ms]
2025-12-08 16:34:08.117 [info] > git for-each-ref --sort -committerdate --format %(refname)%00%(objectname)%00%(*objectname) [2ms]
2025-12-08 16:34:08.123 [info] > git status -z -uall [14ms]
2025-12-08 16:34:18.850 [info] > git config --get commit.template [3ms]
2025-12-08 16:34:18.851 [info] > git for-each-ref --format=%(refname)%00%(upstream:short)%00%(objectname)%00%(upstream:track)%00%(upstream:remotename)%00%(upstream:remoteref) refs/heads/main refs/remotes/main [1ms]
2025-12-08 16:34:18.857 [info] > git for-each-ref --sort -committerdate --format %(refname)%00%(objectname)%00%(*objectname) [1ms]
2025-12-08 16:34:18.859 [info] > git status -z -uall [6ms]
2025-12-08 16:34:23.878 [info] > git config --get commit.template [4ms]
2025-12-08 16:34:23.879 [info] > git for-each-ref --format=%(refname)%00%(upstream:short)%00%(objectname)%00%(upstream:track)%00%(upstream:remotename)%00%(upstream:remoteref) refs/heads/main refs/remotes/main [2ms]
2025-12-08 16:34:23.885 [info] > git for-each-ref --sort -committerdate --format %(refname)%00%(objectname)%00%(*objectname) [2ms]
2025-12-08 16:34:23.887 [info] > git status -z -uall [6ms]
2025-12-08 16:34:28.898 [info] > git config --get commit.template [3ms]
2025-12-08 16:34:28.899 [info] > git for-each-ref --format=%(refname)%00%(upstream:short)%00%(objectname)%00%(upstream:track)%00%(upstream:remotename)%00%(upstream:remoteref) refs/heads/main refs/remotes/main [1ms]
2025-12-08 16:34:28.905 [info] > git for-each-ref --sort -committerdate --format %(refname)%00%(objectname)%00%(*objectname) [1ms]
2025-12-08 16:34:28.907 [info] > git status -z -uall [6ms]
2025-12-08 16:34:37.932 [info] > git config --get commit.template [4ms]
2025-12-08 16:34:37.933 [info] > git for-each-ref --format=%(refname)%00%(upstream:short)%00%(objectname)%00%(upstream:track)%00%(upstream:remotename)%00%(upstream:remoteref) refs/heads/main refs/remotes/main [1ms]
2025-12-08 16:34:37.941 [info] > git for-each-ref --sort -committerdate --format %(refname)%00%(objectname)%00%(*objectname) [1ms]
2025-12-08 16:34:37.943 [info] > git status -z -uall [6ms]
2025-12-08 16:34:42.955 [info] > git config --get commit.template [3ms]
2025-12-08 16:34:42.956 [info] > git for-each-ref --format=%(refname)%00%(upstream:short)%00%(objectname)%00%(upstream:track)%00%(upstream:remotename)%00%(upstream:remoteref) refs/heads/main refs/remotes/main [1ms]
2025-12-08 16:34:42.962 [info] > git for-each-ref --sort -committerdate --format %(refname)%00%(objectname)%00%(*objectname) [1ms]
2025-12-08 16:34:42.964 [info] > git status -z -uall [6ms]
2025-12-08 16:34:47.977 [info] > git config --get commit.template [3ms]
2025-12-08 16:34:47.978 [info] > git for-each-ref --format=%(refname)%00%(upstream:short)%00%(objectname)%00%(upstream:track)%00%(upstream:remotename)%00%(upstream:remoteref) refs/heads/main refs/remotes/main [2ms]
2025-12-08 16:34:47.984 [info] > git for-each-ref --sort -committerdate --format %(refname)%00%(objectname)%00%(*objectname) [1ms]
2025-12-08 16:34:47.986 [info] > git status -z -uall [5ms]
2025-12-08 16:34:59.568 [info] > git config --get commit.template [3ms]
2025-12-08 16:34:59.568 [info] > git for-each-ref --format=%(refname)%00%(upstream:short)%00%(objectname)%00%(upstream:track)%00%(upstream:remotename)%00%(upstream:remoteref) refs/heads/main refs/remotes/main [1ms]
2025-12-08 16:34:59.574 [info] > git for-each-ref --sort -committerdate --format %(refname)%00%(objectname)%00%(*objectname) [1ms]
2025-12-08 16:34:59.577 [info] > git status -z -uall [6ms]
2025-12-08 16:35:04.602 [info] > git config --get commit.template [11ms]
2025-12-08 16:35:04.606 [info] > git for-each-ref --format=%(refname)%00%(upstream:short)%00%(objectname)%00%(upstream:track)%00%(upstream:remotename)%00%(upstream:remoteref) refs/heads/main refs/remotes/main [5ms]
2025-12-08 16:35:04.628 [info] > git for-each-ref --sort -committerdate --format %(refname)%00%(objectname)%00%(*objectname) [2ms]
2025-12-08 16:35:04.631 [info] > git status -z -uall [15ms]
2025-12-08 16:35:11.568 [info] > git config --get commit.template [4ms]
2025-12-08 16:35:11.569 [info] > git for-each-ref --format=%(refname)%00%(upstream:short)%00%(objectname)%00%(upstream:track)%00%(upstream:remotename)%00%(upstream:remoteref) refs/heads/main refs/remotes/main [1ms]
2025-12-08 16:35:11.577 [info] > git for-each-ref --sort -committerdate --format %(refname)%00%(objectname)%00%(*objectname) [2ms]
2025-12-08 16:35:11.579 [info] > git status -z -uall [7ms]
2025-12-08 16:35:31.909 [info] > git config --get commit.template [4ms]
2025-12-08 16:35:31.910 [info] > git for-each-ref --format=%(refname)%00%(upstream:short)%00%(objectname)%00%(upstream:track)%00%(upstream:remotename)%00%(upstream:remoteref) refs/heads/main refs/remotes/main [2ms]
2025-12-08 16:35:31.917 [info] > git for-each-ref --sort -committerdate --format %(refname)%00%(objectname)%00%(*objectname) [1ms]
2025-12-08 16:35:31.920 [info] > git status -z -uall [7ms]
2025-12-08 16:35:38.487 [info] > git config --get commit.template [3ms]
2025-12-08 16:35:38.488 [info] > git for-each-ref --format=%(refname)%00%(upstream:short)%00%(objectname)%00%(upstream:track)%00%(upstream:remotename)%00%(upstream:remoteref) refs/heads/main refs/remotes/main [2ms]
2025-12-08 16:35:38.494 [info] > git for-each-ref --sort -committerdate --format %(refname)%00%(objectname)%00%(*objectname) [1ms]
2025-12-08 16:35:38.496 [info] > git status -z -uall [6ms]
2025-12-08 16:35:50.674 [info] > git config --get commit.template [5ms]
2025-12-08 16:35:50.675 [info] > git for-each-ref --format=%(refname)%00%(upstream:short)%00%(objectname)%00%(upstream:track)%00%(upstream:remotename)%00%(upstream:remoteref) refs/heads/main refs/remotes/main [1ms]
2025-12-08 16:35:50.683 [info] > git for-each-ref --sort -committerdate --format %(refname)%00%(objectname)%00%(*objectname) [2ms]
2025-12-08 16:35:50.684 [info] > git status -z -uall [6ms]
2025-12-08 16:35:59.768 [info] > git config --get commit.template [4ms]
2025-12-08 16:35:59.769 [info] > git for-each-ref --format=%(refname)%00%(upstream:short)%00%(objectname)%00%(upstream:track)%00%(upstream:remotename)%00%(upstream:remoteref) refs/heads/main refs/remotes/main [2ms]
2025-12-08 16:35:59.777 [info] > git for-each-ref --sort -committerdate --format %(refname)%00%(objectname)%00%(*objectname) [1ms]
2025-12-08 16:35:59.779 [info] > git status -z -uall [7ms]
2025-12-08 16:36:04.788 [info] > git config --get commit.template [4ms]
2025-12-08 16:36:04.789 [info] > git for-each-ref --format=%(refname)%00%(upstream:short)%00%(objectname)%00%(upstream:track)%00%(upstream:remotename)%00%(upstream:remoteref) refs/heads/main refs/remotes/main [2ms]
2025-12-08 16:36:04.797 [info] > git for-each-ref --sort -committerdate --format %(refname)%00%(objectname)%00%(*objectname) [2ms]
2025-12-08 16:36:04.800 [info] > git status -z -uall [8ms]
2025-12-08 16:36:09.815 [info] > git config --get commit.template [3ms]
2025-12-08 16:36:09.816 [info] > git for-each-ref --format=%(refname)%00%(upstream:short)%00%(objectname)%00%(upstream:track)%00%(upstream:remotename)%00%(upstream:remoteref) refs/heads/main refs/remotes/main [1ms]
2025-12-08 16:36:09.822 [info] > git for-each-ref --sort -committerdate --format %(refname)%00%(objectname)%00%(*objectname) [1ms]
2025-12-08 16:36:09.825 [info] > git status -z -uall [7ms]
2025-12-08 16:36:20.090 [info] > git config --get commit.template [13ms]
2025-12-08 16:36:20.092 [info] > git for-each-ref --format=%(refname)%00%(upstream:short)%00%(objectname)%00%(upstream:track)%00%(upstream:remotename)%00%(upstream:remoteref) refs/heads/main refs/remotes/main [3ms]
2025-12-08 16:36:20.106 [info] > git for-each-ref --sort -committerdate --format %(refname)%00%(objectname)%00%(*objectname) [2ms]
2025-12-08 16:36:20.109 [info] > git status -z -uall [10ms]
2025-12-08 16:36:25.138 [info] > git config --get commit.template [11ms]
2025-12-08 16:36:25.142 [info] > git for-each-ref --format=%(refname)%00%(upstream:short)%00%(objectname)%00%(upstream:track)%00%(upstream:remotename)%00%(upstream:remoteref) refs/heads/main refs/remotes/main [4ms]
2025-12-08 16:36:25.166 [info] > git for-each-ref --sort -committerdate --format %(refname)%00%(objectname)%00%(*objectname) [5ms]
2025-12-08 16:36:25.175 [info] > git status -z -uall [23ms]
2025-12-08 16:36:32.706 [info] > git config --get commit.template [11ms]
2025-12-08 16:36:32.709 [info] > git for-each-ref --format=%(refname)%00%(upstream:short)%00%(objectname)%00%(upstream:track)%00%(upstream:remotename)%00%(upstream:remoteref) refs/heads/main refs/remotes/main [4ms]
2025-12-08 16:36:32.721 [info] > git for-each-ref --sort -committerdate --format %(refname)%00%(objectname)%00%(*objectname) [2ms]
2025-12-08 16:36:32.724 [info] > git status -z -uall [10ms]
2025-12-08 16:36:37.735 [info] > git config --get commit.template [3ms]
2025-12-08 16:36:37.736 [info] > git for-each-ref --format=%(refname)%00%(upstream:short)%00%(objectname)%00%(upstream:track)%00%(upstream:remotename)%00%(upstream:remoteref) refs/heads/main refs/remotes/main [1ms]
2025-12-08 16:36:37.742 [info] > git for-each-ref --sort -committerdate --format %(refname)%00%(objectname)%00%(*objectname) [1ms]
2025-12-08 16:36:37.745 [info] > git status -z -uall [6ms]
2025-12-08 16:36:42.758 [info] > git config --get commit.template [2ms]
2025-12-08 16:36:42.759 [info] > git for-each-ref --format=%(refname)%00%(upstream:short)%00%(objectname)%00%(upstream:track)%00%(upstream:remotename)%00%(upstream:remoteref) refs/heads/main refs/remotes/main [1ms]
2025-12-08 16:36:42.765 [info] > git for-each-ref --sort -committerdate --format %(refname)%00%(objectname)%00%(*objectname) [1ms]
2025-12-08 16:36:42.768 [info] > git status -z -uall [6ms]
2025-12-08 16:36:57.662 [info] > git config --get commit.template [4ms]
2025-12-08 16:36:57.663 [info] > git for-each-ref --format=%(refname)%00%(upstream:short)%00%(objectname)%00%(upstream:track)%00%(upstream:remotename)%00%(upstream:remoteref) refs/heads/main refs/remotes/main [2ms]
2025-12-08 16:36:57.670 [info] > git for-each-ref --sort -committerdate --format %(refname)%00%(objectname)%00%(*objectname) [2ms]
2025-12-08 16:36:57.672 [info] > git status -z -uall [6ms]
2025-12-08 16:37:06.537 [info] > git config --get commit.template [4ms]
2025-12-08 16:37:06.537 [info] > git for-each-ref --format=%(refname)%00%(upstream:short)%00%(objectname)%00%(upstream:track)%00%(upstream:remotename)%00%(upstream:remoteref) refs/heads/main refs/remotes/main [1ms]
2025-12-08 16:37:06.545 [info] > git for-each-ref --sort -committerdate --format %(refname)%00%(objectname)%00%(*objectname) [2ms]
2025-12-08 16:37:06.547 [info] > git status -z -uall [6ms]
2025-12-08 16:37:17.653 [info] > git config --get commit.template [3ms]
2025-12-08 16:37:17.653 [info] > git for-each-ref --format=%(refname)%00%(upstream:short)%00%(objectname)%00%(upstream:track)%00%(upstream:remotename)%00%(upstream:remoteref) refs/heads/main refs/remotes/main [1ms]
2025-12-08 16:37:17.660 [info] > git for-each-ref --sort -committerdate --format %(refname)%00%(objectname)%00%(*objectname) [2ms]
2025-12-08 16:37:17.662 [info] > git status -z -uall [6ms]
2025-12-08 16:37:26.631 [info] > git config --get commit.template [4ms]
2025-12-08 16:37:26.632 [info] > git for-each-ref --format=%(refname)%00%(upstream:short)%00%(objectname)%00%(upstream:track)%00%(upstream:remotename)%00%(upstream:remoteref) refs/heads/main refs/remotes/main [2ms]
2025-12-08 16:37:26.639 [info] > git for-each-ref --sort -committerdate --format %(refname)%00%(objectname)%00%(*objectname) [1ms]
2025-12-08 16:37:26.642 [info] > git status -z -uall [7ms]
2025-12-08 16:37:49.509 [info] > git config --get commit.template [7ms]
2025-12-08 16:37:49.510 [info] > git for-each-ref --format=%(refname)%00%(upstream:short)%00%(objectname)%00%(upstream:track)%00%(upstream:remotename)%00%(upstream:remoteref) refs/heads/main refs/remotes/main [2ms]
2025-12-08 16:37:49.520 [info] > git for-each-ref --sort -committerdate --format %(refname)%00%(objectname)%00%(*objectname) [2ms]
2025-12-08 16:37:49.522 [info] > git status -z -uall [8ms]
2025-12-08 16:37:54.541 [info] > git config --get commit.template [4ms]
2025-12-08 16:37:54.542 [info] > git for-each-ref --format=%(refname)%00%(upstream:short)%00%(objectname)%00%(upstream:track)%00%(upstream:remotename)%00%(upstream:remoteref) refs/heads/main refs/remotes/main [2ms]
2025-12-08 16:37:54.549 [info] > git for-each-ref --sort -committerdate --format %(refname)%00%(objectname)%00%(*objectname) [1ms]
2025-12-08 16:37:54.552 [info] > git status -z -uall [7ms]
2025-12-08 16:37:59.564 [info] > git config --get commit.template [3ms]
2025-12-08 16:37:59.564 [info] > git for-each-ref --format=%(refname)%00%(upstream:short)%00%(objectname)%00%(upstream:track)%00%(upstream:remotename)%00%(upstream:remoteref) refs/heads/main refs/remotes/main [1ms]
2025-12-08 16:37:59.571 [info] > git for-each-ref --sort -committerdate --format %(refname)%00%(objectname)%00%(*objectname) [1ms]
2025-12-08 16:37:59.573 [info] > git status -z -uall [6ms]
2025-12-08 16:38:00.489 [info] > git show --textconv :hypr/hypridle.conf [3ms]
2025-12-08 16:38:00.493 [info] > git ls-files --stage -- hypr/hypridle.conf [4ms]
2025-12-08 16:38:00.496 [info] > git hash-object -t tree /dev/null [3ms]
2025-12-08 16:38:00.496 [warning] [GitFileSystemProvider][readFile] File not found - git:/home/shane/.config/hypr/hypridle.conf.git?%7B%22path%22%3A%22%2Fhome%2Fshane%2F.config%2Fhypr%2Fhypridle.conf%22%2C%22ref%22%3A%22%22%7D
2025-12-08 16:38:00.498 [info] > git hash-object -t tree /dev/null [2ms]
2025-12-08 16:38:00.498 [warning] [GitFileSystemProvider][stat] File not found - git:/home/shane/.config/hypr/hypridle.conf.git?%7B%22path%22%3A%22%2Fhome%2Fshane%2F.config%2Fhypr%2Fhypridle.conf%22%2C%22ref%22%3A%22%22%7D
2025-12-08 16:38:00.766 [info] > git check-ignore -v -z --stdin [5ms]
2025-12-08 16:38:10.636 [info] > git config --get commit.template [5ms]
2025-12-08 16:38:10.637 [info] > git for-each-ref --format=%(refname)%00%(upstream:short)%00%(objectname)%00%(upstream:track)%00%(upstream:remotename)%00%(upstream:remoteref) refs/heads/main refs/remotes/main [2ms]
2025-12-08 16:38:10.647 [info] > git for-each-ref --sort -committerdate --format %(refname)%00%(objectname)%00%(*objectname) [1ms]
2025-12-08 16:38:10.649 [info] > git status -z -uall [8ms]
2025-12-08 16:38:12.004 [info] > git show --textconv :hypr/hyprland.conf [14ms]
2025-12-08 16:38:12.008 [info] > git ls-files --stage -- hypr/hyprland.conf [6ms]
2025-12-08 16:38:12.017 [info] > git cat-file -s 3cb0119990f916ee9b06a0540bddb20b0157ced8 [3ms]
2025-12-08 16:38:15.663 [info] > git config --get commit.template [3ms]
2025-12-08 16:38:15.664 [info] > git for-each-ref --format=%(refname)%00%(upstream:short)%00%(objectname)%00%(upstream:track)%00%(upstream:remotename)%00%(upstream:remoteref) refs/heads/main refs/remotes/main [1ms]
2025-12-08 16:38:15.670 [info] > git for-each-ref --sort -committerdate --format %(refname)%00%(objectname)%00%(*objectname) [1ms]
2025-12-08 16:38:15.672 [info] > git status -z -uall [6ms]
2025-12-08 16:38:20.705 [info] > git config --get commit.template [14ms]
2025-12-08 16:38:20.708 [info] > git for-each-ref --format=%(refname)%00%(upstream:short)%00%(objectname)%00%(upstream:track)%00%(upstream:remotename)%00%(upstream:remoteref) refs/heads/main refs/remotes/main [6ms]
2025-12-08 16:38:20.727 [info] > git for-each-ref --sort -committerdate --format %(refname)%00%(objectname)%00%(*objectname) [3ms]
2025-12-08 16:38:20.733 [info] > git status -z -uall [15ms]
2025-12-08 16:38:25.746 [info] > git config --get commit.template [3ms]
2025-12-08 16:38:25.747 [info] > git for-each-ref --format=%(refname)%00%(upstream:short)%00%(objectname)%00%(upstream:track)%00%(upstream:remotename)%00%(upstream:remoteref) refs/heads/main refs/remotes/main [1ms]
2025-12-08 16:38:25.753 [info] > git for-each-ref --sort -committerdate --format %(refname)%00%(objectname)%00%(*objectname) [1ms]
2025-12-08 16:38:25.756 [info] > git status -z -uall [6ms]
2025-12-08 16:38:30.769 [info] > git config --get commit.template [3ms]
2025-12-08 16:38:30.770 [info] > git for-each-ref --format=%(refname)%00%(upstream:short)%00%(objectname)%00%(upstream:track)%00%(upstream:remotename)%00%(upstream:remoteref) refs/heads/main refs/remotes/main [1ms]
2025-12-08 16:38:30.780 [info] > git for-each-ref --sort -committerdate --format %(refname)%00%(objectname)%00%(*objectname) [1ms]
2025-12-08 16:38:30.781 [info] > git status -z -uall [8ms]
2025-12-08 16:38:50.680 [info] > git config --get commit.template [7ms]
2025-12-08 16:38:50.681 [info] > git for-each-ref --format=%(refname)%00%(upstream:short)%00%(objectname)%00%(upstream:track)%00%(upstream:remotename)%00%(upstream:remoteref) refs/heads/main refs/remotes/main [2ms]
2025-12-08 16:38:50.692 [info] > git for-each-ref --sort -committerdate --format %(refname)%00%(objectname)%00%(*objectname) [1ms]
2025-12-08 16:38:50.694 [info] > git status -z -uall [7ms]
2025-12-08 16:38:55.706 [info] > git config --get commit.template [3ms]
2025-12-08 16:38:55.707 [info] > git for-each-ref --format=%(refname)%00%(upstream:short)%00%(objectname)%00%(upstream:track)%00%(upstream:remotename)%00%(upstream:remoteref) refs/heads/main refs/remotes/main [1ms]
2025-12-08 16:38:55.713 [info] > git for-each-ref --sort -committerdate --format %(refname)%00%(objectname)%00%(*objectname) [1ms]
2025-12-08 16:38:55.715 [info] > git status -z -uall [6ms]
2025-12-08 16:39:00.728 [info] > git config --get commit.template [3ms]
2025-12-08 16:39:00.729 [info] > git for-each-ref --format=%(refname)%00%(upstream:short)%00%(objectname)%00%(upstream:track)%00%(upstream:remotename)%00%(upstream:remoteref) refs/heads/main refs/remotes/main [1ms]
2025-12-08 16:39:00.735 [info] > git for-each-ref --sort -committerdate --format %(refname)%00%(objectname)%00%(*objectname) [1ms]
2025-12-08 16:39:00.737 [info] > git status -z -uall [6ms]
2025-12-08 16:39:05.752 [info] > git config --get commit.template [3ms]
2025-12-08 16:39:05.752 [info] > git for-each-ref --format=%(refname)%00%(upstream:short)%00%(objectname)%00%(upstream:track)%00%(upstream:remotename)%00%(upstream:remoteref) refs/heads/main refs/remotes/main [1ms]
2025-12-08 16:39:05.758 [info] > git for-each-ref --sort -committerdate --format %(refname)%00%(objectname)%00%(*objectname) [1ms]
2025-12-08 16:39:05.761 [info] > git status -z -uall [6ms]
2025-12-08 16:39:10.772 [info] > git config --get commit.template [4ms]
2025-12-08 16:39:10.774 [info] > git for-each-ref --format=%(refname)%00%(upstream:short)%00%(objectname)%00%(upstream:track)%00%(upstream:remotename)%00%(upstream:remoteref) refs/heads/main refs/remotes/main [2ms]
2025-12-08 16:39:10.784 [info] > git for-each-ref --sort -committerdate --format %(refname)%00%(objectname)%00%(*objectname) [2ms]
2025-12-08 16:39:10.786 [info] > git status -z -uall [8ms]
2025-12-08 16:39:40.305 [info] > git config --get commit.template [4ms]
2025-12-08 16:39:40.305 [info] > git for-each-ref --format=%(refname)%00%(upstream:short)%00%(objectname)%00%(upstream:track)%00%(upstream:remotename)%00%(upstream:remoteref) refs/heads/main refs/remotes/main [1ms]
2025-12-08 16:39:40.315 [info] > git for-each-ref --sort -committerdate --format %(refname)%00%(objectname)%00%(*objectname) [2ms]
2025-12-08 16:39:40.318 [info] > git status -z -uall [7ms]
2025-12-08 16:40:19.280 [info] > git config --get commit.template [4ms]
2025-12-08 16:40:19.281 [info] > git for-each-ref --format=%(refname)%00%(upstream:short)%00%(objectname)%00%(upstream:track)%00%(upstream:remotename)%00%(upstream:remoteref) refs/heads/main refs/remotes/main [2ms]
2025-12-08 16:40:19.290 [info] > git for-each-ref --sort -committerdate --format %(refname)%00%(objectname)%00%(*objectname) [1ms]
2025-12-08 16:40:19.292 [info] > git status -z -uall [6ms]
2025-12-08 16:40:19.300 [info] > git merge-base refs/heads/main refs/remotes/origin/main [2ms]
2025-12-08 16:40:19.306 [info] > git diff --name-status -z --diff-filter=ADMR --find-renames=50% b34d1ee79a95cd32902d54229a283b19202d5c1f...refs/remotes/origin/main -- [2ms]
2025-12-08 16:40:19.631 [info] > git show --textconv :hypr/hypridle.conf [6ms]
2025-12-08 16:40:19.632 [info] > git ls-files --stage -- hypr/hypridle.conf [2ms]
2025-12-08 16:40:19.638 [info] > git cat-file -s 609ff78e95d0ae395981ef735e35125c10ae8317 [1ms]
2025-12-08 16:40:19.663 [info] > git blame --root --incremental b34d1ee79a95cd32902d54229a283b19202d5c1f -- hypr/hypridle.conf [2ms]
2025-12-08 16:40:24.311 [info] > git config --get commit.template [5ms]
2025-12-08 16:40:24.312 [info] > git for-each-ref --format=%(refname)%00%(upstream:short)%00%(objectname)%00%(upstream:track)%00%(upstream:remotename)%00%(upstream:remoteref) refs/heads/main refs/remotes/main [2ms]
2025-12-08 16:40:24.324 [info] > git for-each-ref --sort -committerdate --format %(refname)%00%(objectname)%00%(*objectname) [2ms]
2025-12-08 16:40:24.326 [info] > git status -z -uall [8ms]
